<?xml version="1.0" encoding="utf-8"?>
<assemblies timestamp="06/20/2017 02:26:40">
  <assembly name="Publishing.Api.IntegrationTest.dll" environment="64-bit .NET (unknown version) [collection-per-class, non-parallel]" test-framework="xUnit.net 2.2.0.3545" run-date="2017-06-20" run-time="02:26:28" total="20" passed="19" failed="1" skipped="0" time="12.364" errors="0">
    <errors />
    <collection total="2" passed="2" failed="0" skipped="0" name="Test collection for Unity.Publishing.Api.IntegrationTest.RestAPITest" time="2.734">
      <test name="Unity.Publishing.Api.IntegrationTest.RestAPITest.InvalidApiKeyTest" type="Unity.Publishing.Api.IntegrationTest.RestAPITest" method="InvalidApiKeyTest" time="2.6540456" result="Pass" />
      <test name="Unity.Publishing.Api.IntegrationTest.RestAPITest.EndpointCheck" type="Unity.Publishing.Api.IntegrationTest.RestAPITest" method="EndpointCheck" time="0.0798655" result="Pass" />
    </collection>
    <collection total="5" passed="5" failed="0" skipped="0" name="Test collection for Unity.Publishing.Api.IntegrationTest.ApiBuildsIntegrationTest" time="6.177">
      <test name="Unity.Publishing.Api.IntegrationTest.ApiBuildsIntegrationTest.GetAccessAPITest" type="Unity.Publishing.Api.IntegrationTest.ApiBuildsIntegrationTest" method="GetAccessAPITest" time="0.8134824" result="Pass">
        <traits>
          <trait name="Category" value="Validation" />
        </traits>
      </test>
      <test name="Unity.Publishing.Api.IntegrationTest.ApiBuildsIntegrationTest.BuildsWithKatanaTest" type="Unity.Publishing.Api.IntegrationTest.ApiBuildsIntegrationTest" method="BuildsWithKatanaTest" time="4.4866518" result="Pass" />
      <test name="Unity.Publishing.Api.IntegrationTest.ApiBuildsIntegrationTest.CheckMethodsTest" type="Unity.Publishing.Api.IntegrationTest.ApiBuildsIntegrationTest" method="CheckMethodsTest" time="0.1801212" result="Pass">
        <traits>
          <trait name="Category" value="Validation" />
        </traits>
      </test>
      <test name="Unity.Publishing.Api.IntegrationTest.ApiBuildsIntegrationTest.PromoteBuildTest" type="Unity.Publishing.Api.IntegrationTest.ApiBuildsIntegrationTest" method="PromoteBuildTest" time="0.4640084" result="Pass">
        <output><![CDATA[Builds cbd13313-d477-43ab-a0a2-586ae7ce44c5 are in the system
Builds cbd13313-d477-43ab-a0a2-586ae7ce44c5 is ready to be promoted
]]></output>
      </test>
      <test name="Unity.Publishing.Api.IntegrationTest.ApiBuildsIntegrationTest.GetAccessAPIWithIdTest" type="Unity.Publishing.Api.IntegrationTest.ApiBuildsIntegrationTest" method="GetAccessAPIWithIdTest" time="0.2323658" result="Pass" />
    </collection>
    <collection total="6" passed="5" failed="1" skipped="0" name="Test collection for Unity.Publishing.Api.IntegrationTest.ApiReleaseTracksIntegrationTest" time="2.456">
      <test name="Unity.Publishing.Api.IntegrationTest.ApiReleaseTracksIntegrationTest.CreateNewReleaseTrackTest" type="Unity.Publishing.Api.IntegrationTest.ApiReleaseTracksIntegrationTest" method="CreateNewReleaseTrackTest" time="0.0844853" result="Pass" />
      <test name="Unity.Publishing.Api.IntegrationTest.ApiReleaseTracksIntegrationTest.GetAccessAPITest" type="Unity.Publishing.Api.IntegrationTest.ApiReleaseTracksIntegrationTest" method="GetAccessAPITest" time="0.0516858" result="Pass">
        <traits>
          <trait name="Category" value="Validation" />
        </traits>
      </test>
      <test name="Unity.Publishing.Api.IntegrationTest.ApiReleaseTracksIntegrationTest.UpdateReleaseTrackTest" type="Unity.Publishing.Api.IntegrationTest.ApiReleaseTracksIntegrationTest" method="UpdateReleaseTrackTest" time="2.0088125" result="Fail">
        <traits>
          <trait name="Status" value="Known Error" />
        </traits>
        <failure exception-type="Xunit.Sdk.TrueException">
          <message><![CDATA[message: Expected object to be OK because /api/releasetracks/branchupdate should return code OK, but found InternalServerError.; \r\nExpected object to be OK because /api/releasetracks/branchcheck should return code OK, but found InternalServerError.\r\nExpected: True\r\nActual:   False]]></message>
          <stack-trace><![CDATA[   at Unity.Publishing.Api.IntegrationTest.ApiIntegrationTestBase.AssertTestcase(List`1 errmsgs) in C:\Users\jinxu\Documents\GitHub\kunaiDev\Kunai\test\Publishing.Api.IntegrationTest\ApiIntegrationTestBase.cs:line 105
   at Unity.Publishing.Api.IntegrationTest.ApiReleaseTracksIntegrationTest.UpdateReleaseTrackTest() in C:\Users\jinxu\Documents\GitHub\kunaiDev\Kunai\test\Publishing.Api.IntegrationTest\ApiReleaseTracksIntegrationTest.cs:line 379]]></stack-trace>
        </failure>
      </test>
      <test name="Unity.Publishing.Api.IntegrationTest.ApiReleaseTracksIntegrationTest.CheckMethodsTest" type="Unity.Publishing.Api.IntegrationTest.ApiReleaseTracksIntegrationTest" method="CheckMethodsTest" time="0.1814868" result="Pass">
        <traits>
          <trait name="Category" value="Validation" />
        </traits>
      </test>
      <test name="Unity.Publishing.Api.IntegrationTest.ApiReleaseTracksIntegrationTest.AccessReleaseTrackIDTest" type="Unity.Publishing.Api.IntegrationTest.ApiReleaseTracksIntegrationTest" method="AccessReleaseTrackIDTest" time="0.0558617" result="Pass" />
      <test name="Unity.Publishing.Api.IntegrationTest.ApiReleaseTracksIntegrationTest.PostDataModelTest" type="Unity.Publishing.Api.IntegrationTest.ApiReleaseTracksIntegrationTest" method="PostDataModelTest" time="0.0738254" result="Pass" />
    </collection>
    <collection total="4" passed="4" failed="0" skipped="0" name="Test collection for Unity.Publishing.Api.IntegrationTest.ApiJobsIntegrationTest" time="0.644">
      <test name="Unity.Publishing.Api.IntegrationTest.ApiJobsIntegrationTest.CheckMethodsTest" type="Unity.Publishing.Api.IntegrationTest.ApiJobsIntegrationTest" method="CheckMethodsTest" time="0.1316213" result="Pass">
        <traits>
          <trait name="Category" value="Validation" />
        </traits>
      </test>
      <test name="Unity.Publishing.Api.IntegrationTest.ApiJobsIntegrationTest.JobsContentsTest" type="Unity.Publishing.Api.IntegrationTest.ApiJobsIntegrationTest" method="JobsContentsTest" time="0.2451626" result="Pass" />
      <test name="Unity.Publishing.Api.IntegrationTest.ApiJobsIntegrationTest.TriggerJobTest" type="Unity.Publishing.Api.IntegrationTest.ApiJobsIntegrationTest" method="TriggerJobTest" time="0.0700995" result="Pass" />
      <test name="Unity.Publishing.Api.IntegrationTest.ApiJobsIntegrationTest.JobDataModelTest" type="Unity.Publishing.Api.IntegrationTest.ApiJobsIntegrationTest" method="JobDataModelTest" time="0.1966468" result="Pass" />
    </collection>
    <collection total="3" passed="3" failed="0" skipped="0" name="Test collection for Unity.Publishing.Api.IntegrationTest.ApiVersionsIntegrationTest" time="0.155">
      <test name="Unity.Publishing.Api.IntegrationTest.ApiVersionsIntegrationTest.GetAccessAPIWithFilterTest" type="Unity.Publishing.Api.IntegrationTest.ApiVersionsIntegrationTest" method="GetAccessAPIWithFilterTest" time="0.0520569" result="Pass" />
      <test name="Unity.Publishing.Api.IntegrationTest.ApiVersionsIntegrationTest.CheckMethodsTest" type="Unity.Publishing.Api.IntegrationTest.ApiVersionsIntegrationTest" method="CheckMethodsTest" time="0.0636458" result="Pass" />
      <test name="Unity.Publishing.Api.IntegrationTest.ApiVersionsIntegrationTest.GetAccessAPITest" type="Unity.Publishing.Api.IntegrationTest.ApiVersionsIntegrationTest" method="GetAccessAPITest" time="0.0395504" result="Pass" />
    </collection>
  </assembly>
</assemblies>