**********************
Windows PowerShell transcript start
Start time: 20170621111601
Username: HQ\jinxu
RunAs User: HQ\jinxu
Machine: CPH-WKS-0019 (Microsoft Windows NT 10.0.15063.0)
Host Application: C:\Windows\System32\WindowsPowerShell\v1.0\powershell.exe
Process ID: 18716
PSVersion: 5.1.15063.413
PSEdition: Desktop
PSCompatibleVersions: 1.0, 2.0, 3.0, 4.0, 5.0, 5.1.15063.413
BuildVersion: 10.0.15063.413
CLRVersion: 4.0.30319.42000
WSManStackVersion: 3.0
PSRemotingProtocolVersion: 2.3
SerializationVersion: 1.1.0.1
**********************
Transcript started, output file is C:\Users\jinxu\Documents\GitHub\kunai\test\Log\Backend.log
Starting docker_katana_mysql_1
Starting docker_hangfire-db_1
Starting docker_repo-cache_1
Starting docker_katana_base_1
Starting docker_kallithea_1
Starting docker_postgres_1
Starting docker_fileserver_server_1
Starting docker_katana_artifacts_1
Starting docker_api_1
Starting docker_server_1
Gracefully stopping... (press Ctrl+C again to force)
Killing docker_api_1 ... done
Killing docker_server_1 ... done
Killing docker_postgres_1 ... done
Killing docker_katana_mysql_1 ... done
Killing docker_katana_artifacts_1 ... done
Killing docker_fileserver_server_1 ... done
Killing docker_repo-cache_1 ... done
Killing docker_hangfire-db_1 ... done
PS>TerminatingError(): "The pipeline has been stopped."
>> TerminatingError(): "The pipeline has been stopped."
>> TerminatingError(): "The pipeline has been stopped."
PS C:\Users\jinxu\Documents\GitHub\kunai\master\docker> .\RunTest.ps1
.\RunTest.ps1 : The term '.\RunTest.ps1' is not recognized as the name of a cmdlet, function, script file, or operable p
rogram. Check the spelling of the name, or if a path was included, verify that the path is correct and try again.
At line:1 char:1
+ .\RunTest.ps1
+ ~~~~~~~~~~~~~
    + CategoryInfo          : ObjectNotFound: (.\RunTest.ps1:String) [], CommandNotFoundException
    + FullyQualifiedErrorId : CommandNotFoundException
.\RunTest.ps1 : The term '.\RunTest.ps1' is not recognized as the name of a cmdlet, function, script file, or operable program. Check the spelling of the name, or if a path was included, verify
 that the path is correct and try again.
At line:1 char:1
+ .\RunTest.ps1
+ ~~~~~~~~~~~~~
    + CategoryInfo          : ObjectNotFound: (.\RunTest.ps1:String) [], CommandNotFoundException
    + FullyQualifiedErrorId : CommandNotFoundException

PS C:\Users\jinxu\Documents\GitHub\kunai\master\docker> Pop-Location
PS C:\Users\jinxu\Documents\GitHub\kunai\test\TestExecutor> .\RunTest.ps1
Stop ALL running docker containers, and node processes.
Download the lastest artifacts, and rebuild the docker images, and restart containers.
Build the latest tests in DEV envionrment
  Restoring packages for C:\Users\jinxu\Documents\GitHub\kunai\dev\itest\test\Publishing.IntegrationTests.Framework\Publishing.IntegrationTests.Framework.csproj...
  Lock file has not changed. Skipping lock file write. Path: C:\Users\jinxu\Documents\GitHub\kunai\dev\itest\test\Publishing.IntegrationTests.Framework\obj\project.assets.json
  Restore completed in 247,17 ms for C:\Users\jinxu\Documents\GitHub\kunai\dev\itest\test\Publishing.IntegrationTests.Framework\Publishing.IntegrationTests.Framework.csproj.

  NuGet Config files used:
      C:\Users\jinxu\AppData\Roaming\NuGet\NuGet.Config
      C:\Program Files (x86)\NuGet\Config\Microsoft.VisualStudio.Offline.config

  Feeds used:
      https://api.nuget.org/v3/index.json
      C:\Program Files (x86)\Microsoft SDKs\NuGetPackages\
Microsoft (R) Build Engine version 15.1.1012.6693
Copyright (C) Microsoft Corporation. All rights reserved.

  Publishing.IntegrationTests.Framework -> C:\Users\jinxu\Documents\GitHub\kunai\dev\itest\test\Publishing.IntegrationTests.Framework\bin\Debug\netstandard1.6\Publishing.Abstractions.dll

Build succeeded.
    0 Warning(s)
    0 Error(s)

Time Elapsed 00:00:00.71
Exeucte all stable testcase, and write the result to an XML file
Remove-Item : Cannot find path 'C:\users\jinxu\Documents\GitHub\kunai\test\Log\integrationTest.xml' because it does not 
exist.
At C:\Users\jinxu\Documents\GitHub\kunai\test\TestExecutor\RunTest.ps1:17 char:1
+ Remove-Item -Force $testreportfolder$testreportname
+ ~~~~~~~~~~~~~~~~~~~~~~~~~~~~~~~~~~~~~~~~~~~~~~~~~~~
    + CategoryInfo          : ObjectNotFound: (C:\users\jinxu\...grationTest.xml:String) [Remove-Item], ItemNotFoundExce
ption
    + FullyQualifiedErrorId : PathNotFound,Microsoft.PowerShell.Commands.RemoveItemCommand
Remove-Item : Cannot find path 'C:\users\jinxu\Documents\GitHub\kunai\test\Log\integrationTest.xml' because it does not exist.
At C:\Users\jinxu\Documents\GitHub\kunai\test\TestExecutor\RunTest.ps1:17 char:1
+ Remove-Item -Force $testreportfolder$testreportname
+ ~~~~~~~~~~~~~~~~~~~~~~~~~~~~~~~~~~~~~~~~~~~~~~~~~~~
    + CategoryInfo          : ObjectNotFound: (C:\users\jinxu\...grationTest.xml:String) [Remove-Item], ItemNotFoundException
    + FullyQualifiedErrorId : PathNotFound,Microsoft.PowerShell.Commands.RemoveItemCommand

  Restoring packages for C:\Users\jinxu\Documents\GitHub\kunai\dev\itest\test\Publishing.Api.IntegrationTest\Publishing.Api.IntegrationTest.csproj...
  Restoring packages for C:\Users\jinxu\Documents\GitHub\kunai\dev\itest\test\Publishing.Api.IntegrationTest\Publishing.Api.IntegrationTest.csproj...
  Restoring packages for C:\Users\jinxu\Documents\GitHub\kunai\dev\itest\test\Publishing.IntegrationTests.Framework\Publishing.IntegrationTests.Framework.csproj...
  Lock file has not changed. Skipping lock file write. Path: C:\Users\jinxu\Documents\GitHub\kunai\dev\itest\test\Publishing.IntegrationTests.Framework\obj\project.assets.json
  Restore completed in 261,82 ms for C:\Users\jinxu\Documents\GitHub\kunai\dev\itest\test\Publishing.IntegrationTests.Framework\Publishing.IntegrationTests.Framework.csproj.
  Lock file has not changed. Skipping lock file write. Path: C:\Users\jinxu\Documents\GitHub\kunai\dev\itest\test\Publishing.Api.IntegrationTest\obj\project.assets.json
  Restore completed in 475,69 ms for C:\Users\jinxu\Documents\GitHub\kunai\dev\itest\test\Publishing.Api.IntegrationTest\Publishing.Api.IntegrationTest.csproj.
  Restore completed in 644,35 ms for C:\Users\jinxu\Documents\GitHub\kunai\dev\itest\test\Publishing.Api.IntegrationTest\Publishing.Api.IntegrationTest.csproj.

  NuGet Config files used:
      C:\Users\jinxu\AppData\Roaming\NuGet\NuGet.Config
      C:\Program Files (x86)\NuGet\Config\Microsoft.VisualStudio.Offline.config

  Feeds used:
      https://api.nuget.org/v3/index.json
      C:\Program Files (x86)\Microsoft SDKs\NuGetPackages\
Microsoft (R) Build Engine version 15.1.1012.6693
Copyright (C) Microsoft Corporation. All rights reserved.

  Publishing.IntegrationTests.Framework -> C:\Users\jinxu\Documents\GitHub\kunai\dev\itest\test\Publishing.IntegrationTests.Framework\bin\Debug\netstandard1.6\Publishing.Abstractions.dll
  Publishing.Api.IntegrationTest -> C:\Users\jinxu\Documents\GitHub\kunai\dev\itest\test\Publishing.Api.IntegrationTest\bin\Debug\netcoreapp1.1\Publishing.Api.IntegrationTest.dll

Build succeeded.
    0 Warning(s)
    0 Error(s)

Time Elapsed 00:00:01.68
Detecting target frameworks in Publishing.Api.IntegrationTest.csproj...
Building for framework netcoreapp1.1...
  Publishing.IntegrationTests.Framework -> C:\Users\jinxu\Documents\GitHub\kunai\dev\itest\test\Publishing.IntegrationTests.Framework\bin\Debug\netstandard1.6\Publishing.Abstractions.dll
  Publishing.Api.IntegrationTest -> C:\Users\jinxu\Documents\GitHub\kunai\dev\itest\test\Publishing.Api.IntegrationTest\bin\Debug\netcoreapp1.1\Publishing.Api.IntegrationTest.dll
Running .NET Core tests for framework netcoreapp1.1...
xUnit.net Console Runner (64-bit .NET Core 4.6.25211.01)
  Discovering: Publishing.Api.IntegrationTest
  Discovered:  Publishing.Api.IntegrationTest
  Starting:    Publishing.Api.IntegrationTest
    Unity.Publishing.Api.IntegrationTest.RestAPITest.InvalidApiKeyTest
    Unity.Publishing.Api.IntegrationTest.RestAPITest.EndpointCheck
    Unity.Publishing.Api.IntegrationTest.ApiJobsIntegrationTest.CheckMethodsTest
    Unity.Publishing.Api.IntegrationTest.ApiJobsIntegrationTest.JobsContentsTest
    Unity.Publishing.Api.IntegrationTest.ApiJobsIntegrationTest.TriggerJobTest
    Unity.Publishing.Api.IntegrationTest.ApiJobsIntegrationTest.JobDataModelTest
    Unity.Publishing.Api.IntegrationTest.ApiReleaseTracksIntegrationTest.CreateNewReleaseTrackTest
    Unity.Publishing.Api.IntegrationTest.ApiReleaseTracksIntegrationTest.GetAccessAPITest
    Unity.Publishing.Api.IntegrationTest.ApiReleaseTracksIntegrationTest.UpdateReleaseTrackTest
    Unity.Publishing.Api.IntegrationTest.ApiReleaseTracksIntegrationTest.UpdateReleaseTrackTest [FAIL]
      message: Expected object to be OK because /api/releasetracks/branchupdate should return code OK, but found InternalServerError.;
      Expected object to be OK because /api/releasetracks/branchcheck should return code OK, but found InternalServerError.
      Expected: True
      Actual:   False
      Stack Trace:
        C:\Users\jinxu\Documents\GitHub\kunai\dev\itest\test\Publishing.Api.IntegrationTest\ApiIntegrationTestBase.cs(105,0): at Unity.Publishing.Api.IntegrationTest.ApiIntegrationTestBase.Asser
tTestcase(List`1 errmsgs)
        C:\Users\jinxu\Documents\GitHub\kunai\dev\itest\test\Publishing.Api.IntegrationTest\ApiReleaseTracksIntegrationTest.cs(379,0): at Unity.Publishing.Api.IntegrationTest.ApiReleaseTracksInt
egrationTest.UpdateReleaseTrackTest()
    Unity.Publishing.Api.IntegrationTest.ApiReleaseTracksIntegrationTest.CheckMethodsTest
    Unity.Publishing.Api.IntegrationTest.ApiReleaseTracksIntegrationTest.AccessReleaseTrackIDTest
    Unity.Publishing.Api.IntegrationTest.ApiReleaseTracksIntegrationTest.PostDataModelTest
    Unity.Publishing.Api.IntegrationTest.ApiVersionsIntegrationTest.GetAccessAPIWithFilterTest
offset:integer
count:integer
http://localhost:6002/api/versions?offset ge 2080706286 & count ge 2080706286
    Unity.Publishing.Api.IntegrationTest.ApiVersionsIntegrationTest.CheckMethodsTest
    Unity.Publishing.Api.IntegrationTest.ApiVersionsIntegrationTest.GetAccessAPITest
    Unity.Publishing.Api.IntegrationTest.ApiBuildsIntegrationTest.GetAccessAPITest
    Unity.Publishing.Api.IntegrationTest.ApiBuildsIntegrationTest.BuildsWithKatanaTest
    Unity.Publishing.Api.IntegrationTest.ApiBuildsIntegrationTest.CheckMethodsTest
    Unity.Publishing.Api.IntegrationTest.ApiBuildsIntegrationTest.PromoteBuildTest
    Unity.Publishing.Api.IntegrationTest.ApiBuildsIntegrationTest.GetAccessAPIWithIdTest
  Finished:    Publishing.Api.IntegrationTest
=== TEST EXECUTION SUMMARY ===
   Publishing.Api.IntegrationTest  Total: 20, Errors: 0, Failed: 1, Skipped: 0, Time: 9,996s
Parse the test report, and send the Error message to Slack channel
Cannot convert value "System.Object[]" to type "System.Xml.XmlDocument". Error: "The specified node cannot be inserted a
s the valid child of this node, because the specified node is the wrong type."
At C:\Users\jinxu\Documents\GitHub\kunai\test\TestExecutor\ProcessIntegrationResult.ps1:10 char:1
+ [xml]$IntegrationTestResult = Get-Content $testresultfolder$testrepor ...
+ ~~~~~~~~~~~~~~~~~~~~~~~~~~~~~~~~~~~~~~~~~~~~~~~~~~~~~~~~~~~~~~~~~~~~~
    + CategoryInfo          : MetadataError: (:) [], ArgumentTransformationMetadataException
    + FullyQualifiedErrorId : RuntimeException
Cannot convert value "System.Object[]" to type "System.Xml.XmlDocument". Error: "The specified node cannot be inserted as the valid child of this node, because the specified node is the wrong t
ype."
At C:\Users\jinxu\Documents\GitHub\kunai\test\TestExecutor\ProcessIntegrationResult.ps1:10 char:1
+ [xml]$IntegrationTestResult = Get-Content $testresultfolder$testrepor ...
+ ~~~~~~~~~~~~~~~~~~~~~~~~~~~~~~~~~~~~~~~~~~~~~~~~~~~~~~~~~~~~~~~~~~~~~
    + CategoryInfo          : MetadataError: (:) [], ArgumentTransformationMetadataException
    + FullyQualifiedErrorId : RuntimeException

**************   Reporting *******************
from __future__ import print_function
import httplib2
import os, sys

from apiclient import discovery
from oauth2client import client
from oauth2client import tools
from oauth2client.file import Storage

try:
    #import argparse
    #flags = argparse.ArgumentParser(parents=[tools.argparser]).parse_args()
    flags = None
except ImportError:
    flags = None

# If modifying these scopes, delete your previously saved credentials
# at ~/.credentials/sheets.googleapis.com-python-quickstart.json
#SCOPES = 'https://www.googleapis.com/auth/spreadsheets.readonly'
SCOPES = 'https://www.googleapis.com/auth/spreadsheets'
CLIENT_SECRET_FILE = 'client_secret.json'
APPLICATION_NAME = 'Google Sheets API Python Quickstart'


def get_credentials():
    """Gets valid user credentials from storage.

    If nothing has been stored, or if the stored credentials are invalid,
    the OAuth2 flow is completed to obtain the new credentials.

    Returns:
        Credentials, the obtained credential.
    """
    home_dir = os.path.expanduser('~')
    credential_dir = os.path.join(home_dir, '.credentials')
    if not os.path.exists(credential_dir):
        os.makedirs(credential_dir)
    credential_path = os.path.join(credential_dir,
                                   'sheets.googleapis.com-python-quickstart.json')

    store = Storage(credential_path)
    credentials = store.get()
    if not credentials or credentials.invalid:
        flow = client.flow_from_clientsecrets(CLIENT_SECRET_FILE, SCOPES)
        flow.user_agent = APPLICATION_NAME
        if flags:
            credentials = tools.run_flow(flow, store, flags)
        else: # Needed only for compatibility with Python 2.6
            credentials = tools.run(flow, store)
        print('Storing credentials to ' + credential_path)
    return credentials

def main():
    """Shows basic usage of the Sheets API.

    Clear the contents of a given spreadsheet, and range.

    argv[1] :  spreadsheetID
    argv[2] :  range


    """

    credentials = get_credentials()
    http = credentials.authorize(httplib2.Http())
    discoveryUrl = ('https://sheets.googleapis.com/$discovery/rest?'
                    'version=v4')
    service = discovery.build('sheets', 'v4', http=http,
                                discoveryServiceUrl=discoveryUrl)


    spreadsheetId = sys.argv[1]
    _rangeName = sys.argv[2]
    _body = { }


    request = service.spreadsheets().values().clear(
        spreadsheetId=spreadsheetId, range = _rangeName, body=_body).execute()

if __name__ == '__main__':
    main()
    main()C:\Users\jinxu\Documents\GitHub\kunai\test\TestExecutor\GoogleSpreadSheet/Scripts\python.exe: can't open file 'ClearSpreadSheet.py': [Errno 2] No such file or directory
Stop ALL running docker containers, and node processes.
9f1ed4ecd065
ebf714fcba00
c24a1fcacc08
d6702fb365b0
4056197d5ab9
7c28253ec10c
d4fafbbc8a39
75dbbf7a4680
5650ac448807
befe54757e21
5f88a028d1ed
c0cb1e94511e
fdfe96a567d0
8a02b9529e4d
Get-Process : Cannot find a process with the name "node". Verify the process name and call the cmdlet again.
At C:\Users\jinxu\Documents\GitHub\kunai\test\TestExecutor\StopAllPowershellProcesses.ps1:4 char:14
+ $processes = Get-Process -Name "node"
+              ~~~~~~~~~~~~~~~~~~~~~~~~
    + CategoryInfo          : ObjectNotFound: (node:String) [Get-Process], ProcessCommandException
    + FullyQualifiedErrorId : NoProcessFoundForGivenName,Microsoft.PowerShell.Commands.GetProcessCommand
Get-Process : Cannot find a process with the name "node". Verify the process name and call the cmdlet again.
At C:\Users\jinxu\Documents\GitHub\kunai\test\TestExecutor\StopAllPowershellProcesses.ps1:4 char:14
+ $processes = Get-Process -Name "node"
+              ~~~~~~~~~~~~~~~~~~~~~~~~
    + CategoryInfo          : ObjectNotFound: (node:String) [Get-Process], ProcessCommandException
    + FullyQualifiedErrorId : NoProcessFoundForGivenName,Microsoft.PowerShell.Commands.GetProcessCommand

Test converage report and server logs are uploaded to Google Drive
  % Total    % Received % Xferd  Average Speed   Time    Time     Time  Current
                                 Dload  Upload   Total   Spent    Left  Speed
100  7268  100  7268    0     0  35802      0 --:--:-- --:--:-- --:--:-- 35802
  % Total    % Received % Xferd  Average Speed   Time    Time     Time  Current
                                 Dload  Upload   Total   Spent    Left  Speed
100  2651  100  2651    0     0  16993      0 --:--:-- --:--:-- --:--:-- 16993
Traceback (most recent call last):
  File "CreateTestOverview.py", line 66, in <module>
    testresult = ET.parse(r'C:\Users\jinxu\Documents\GitHub\kunai\test\result\integrationTest.xml').getroot()
  File "c:\program files\anaconda3\Lib\xml\etree\ElementTree.py", line 1196, in parse
    tree.parse(source, parser)
  File "c:\program files\anaconda3\Lib\xml\etree\ElementTree.py", line 597, in parse
    self._root = parser._parse_whole(source)
xml.etree.ElementTree.ParseError: junk after document element: line 69, column 13
usage: UploadLogToGDrive.py [-h] [--auth_host_name AUTH_HOST_NAME]
                            [--noauth_local_webserver]
                            [--auth_host_port [AUTH_HOST_PORT [AUTH_HOST_PORT ...]]]
                            [--logging_level {DEBUG,INFO,WARNING,ERROR,CRITICAL}]
UploadLogToGDrive.py: error: unrecognized arguments: C:\Users\jinxu\Documents\GitHub\kunai\test\Log\Backend.log 1iecekG5Rlnme9rfJ4PWP1KPUh1Kt8JOLIMcJHIeZmvk
usage: UploadLogToGDrive.py [-h] [--auth_host_name AUTH_HOST_NAME]
                            [--noauth_local_webserver]
                            [--auth_host_port [AUTH_HOST_PORT [AUTH_HOST_PORT ...]]]
                            [--logging_level {DEBUG,INFO,WARNING,ERROR,CRITICAL}]
UploadLogToGDrive.py: error: unrecognized arguments: C:\Users\jinxu\Documents\GitHub\kunai\test\Log\Frontend.log 1CmjkWFjPUQZJmEHqgnFhruFMyfR2Gxm8EDGmUKPaMbY
PS C:\Users\jinxu\Documents\GitHub\kunai\test\TestExecutor> .\RunTest.ps1
Stop ALL running docker containers, and node processes.
Download the lastest artifacts, and rebuild the docker images, and restart containers.
Build the latest tests in DEV envionrment
  Restoring packages for C:\Users\jinxu\Documents\GitHub\kunai\dev\itest\test\Publishing.IntegrationTests.Framework\Publishing.IntegrationTests.Framework.csproj...
  Lock file has not changed. Skipping lock file write. Path: C:\Users\jinxu\Documents\GitHub\kunai\dev\itest\test\Publishing.IntegrationTests.Framework\obj\project.assets.json
  Restore completed in 276,56 ms for C:\Users\jinxu\Documents\GitHub\kunai\dev\itest\test\Publishing.IntegrationTests.Framework\Publishing.IntegrationTests.Framework.csproj.

  NuGet Config files used:
      C:\Users\jinxu\AppData\Roaming\NuGet\NuGet.Config
      C:\Program Files (x86)\NuGet\Config\Microsoft.VisualStudio.Offline.config

  Feeds used:
      https://api.nuget.org/v3/index.json
      C:\Program Files (x86)\Microsoft SDKs\NuGetPackages\
Microsoft (R) Build Engine version 15.1.1012.6693
Copyright (C) Microsoft Corporation. All rights reserved.

  Publishing.IntegrationTests.Framework -> C:\Users\jinxu\Documents\GitHub\kunai\dev\itest\test\Publishing.IntegrationTests.Framework\bin\Debug\netstandard1.6\Publishing.Abstractions.dll

Build succeeded.
    0 Warning(s)
    0 Error(s)

Time Elapsed 00:00:00.63
Exeucte all stable testcase, and write the result to an XML file
Remove-Item : Cannot find path 'C:\users\jinxu\Documents\GitHub\kunai\test\Log\integrationTest.xml' because it does not 
exist.
At C:\Users\jinxu\Documents\GitHub\kunai\test\TestExecutor\RunTest.ps1:17 char:1
+ Remove-Item -Force $testreportfolder$testreportname
+ ~~~~~~~~~~~~~~~~~~~~~~~~~~~~~~~~~~~~~~~~~~~~~~~~~~~
    + CategoryInfo          : ObjectNotFound: (C:\users\jinxu\...grationTest.xml:String) [Remove-Item], ItemNotFoundExce
ption
    + FullyQualifiedErrorId : PathNotFound,Microsoft.PowerShell.Commands.RemoveItemCommand
Remove-Item : Cannot find path 'C:\users\jinxu\Documents\GitHub\kunai\test\Log\integrationTest.xml' because it does not exist.
At C:\Users\jinxu\Documents\GitHub\kunai\test\TestExecutor\RunTest.ps1:17 char:1
+ Remove-Item -Force $testreportfolder$testreportname
+ ~~~~~~~~~~~~~~~~~~~~~~~~~~~~~~~~~~~~~~~~~~~~~~~~~~~
    + CategoryInfo          : ObjectNotFound: (C:\users\jinxu\...grationTest.xml:String) [Remove-Item], ItemNotFoundException
    + FullyQualifiedErrorId : PathNotFound,Microsoft.PowerShell.Commands.RemoveItemCommand

  Restoring packages for C:\Users\jinxu\Documents\GitHub\kunai\dev\itest\test\Publishing.Api.IntegrationTest\Publishing.Api.IntegrationTest.csproj...
  Restoring packages for C:\Users\jinxu\Documents\GitHub\kunai\dev\itest\test\Publishing.Api.IntegrationTest\Publishing.Api.IntegrationTest.csproj...
  Restoring packages for C:\Users\jinxu\Documents\GitHub\kunai\dev\itest\test\Publishing.IntegrationTests.Framework\Publishing.IntegrationTests.Framework.csproj...
  Lock file has not changed. Skipping lock file write. Path: C:\Users\jinxu\Documents\GitHub\kunai\dev\itest\test\Publishing.IntegrationTests.Framework\obj\project.assets.json
  Restore completed in 250,88 ms for C:\Users\jinxu\Documents\GitHub\kunai\dev\itest\test\Publishing.IntegrationTests.Framework\Publishing.IntegrationTests.Framework.csproj.
  Lock file has not changed. Skipping lock file write. Path: C:\Users\jinxu\Documents\GitHub\kunai\dev\itest\test\Publishing.Api.IntegrationTest\obj\project.assets.json
  Restore completed in 481,92 ms for C:\Users\jinxu\Documents\GitHub\kunai\dev\itest\test\Publishing.Api.IntegrationTest\Publishing.Api.IntegrationTest.csproj.
  Restore completed in 633,28 ms for C:\Users\jinxu\Documents\GitHub\kunai\dev\itest\test\Publishing.Api.IntegrationTest\Publishing.Api.IntegrationTest.csproj.

  NuGet Config files used:
      C:\Users\jinxu\AppData\Roaming\NuGet\NuGet.Config
      C:\Program Files (x86)\NuGet\Config\Microsoft.VisualStudio.Offline.config

  Feeds used:
      https://api.nuget.org/v3/index.json
      C:\Program Files (x86)\Microsoft SDKs\NuGetPackages\
Microsoft (R) Build Engine version 15.1.1012.6693
Copyright (C) Microsoft Corporation. All rights reserved.

  Publishing.IntegrationTests.Framework -> C:\Users\jinxu\Documents\GitHub\kunai\dev\itest\test\Publishing.IntegrationTests.Framework\bin\Debug\netstandard1.6\Publishing.Abstractions.dll
  Publishing.Api.IntegrationTest -> C:\Users\jinxu\Documents\GitHub\kunai\dev\itest\test\Publishing.Api.IntegrationTest\bin\Debug\netcoreapp1.1\Publishing.Api.IntegrationTest.dll

Build succeeded.
    0 Warning(s)
    0 Error(s)

Time Elapsed 00:00:01.63
Detecting target frameworks in Publishing.Api.IntegrationTest.csproj...
Building for framework netcoreapp1.1...
  Publishing.IntegrationTests.Framework -> C:\Users\jinxu\Documents\GitHub\kunai\dev\itest\test\Publishing.IntegrationTests.Framework\bin\Debug\netstandard1.6\Publishing.Abstractions.dll
  Publishing.Api.IntegrationTest -> C:\Users\jinxu\Documents\GitHub\kunai\dev\itest\test\Publishing.Api.IntegrationTest\bin\Debug\netcoreapp1.1\Publishing.Api.IntegrationTest.dll
Running .NET Core tests for framework netcoreapp1.1...
xUnit.net Console Runner (64-bit .NET Core 4.6.25211.01)
  Discovering: Publishing.Api.IntegrationTest
  Discovered:  Publishing.Api.IntegrationTest
  Starting:    Publishing.Api.IntegrationTest
    Unity.Publishing.Api.IntegrationTest.ApiBuildsIntegrationTest.GetAccessAPITest
    Unity.Publishing.Api.IntegrationTest.ApiBuildsIntegrationTest.BuildsWithKatanaTest
    Unity.Publishing.Api.IntegrationTest.ApiBuildsIntegrationTest.CheckMethodsTest
    Unity.Publishing.Api.IntegrationTest.ApiBuildsIntegrationTest.PromoteBuildTest
    Unity.Publishing.Api.IntegrationTest.ApiBuildsIntegrationTest.GetAccessAPIWithIdTest
    Unity.Publishing.Api.IntegrationTest.ApiVersionsIntegrationTest.GetAccessAPIWithFilterTest
offset:integer
count:integer
http://localhost:6002/api/versions?offset gt 1301878237 & count gt 1301878237
    Unity.Publishing.Api.IntegrationTest.ApiVersionsIntegrationTest.CheckMethodsTest
    Unity.Publishing.Api.IntegrationTest.ApiVersionsIntegrationTest.GetAccessAPITest
    Unity.Publishing.Api.IntegrationTest.RestAPITest.InvalidApiKeyTest
    Unity.Publishing.Api.IntegrationTest.RestAPITest.EndpointCheck
    Unity.Publishing.Api.IntegrationTest.ApiJobsIntegrationTest.CheckMethodsTest
    Unity.Publishing.Api.IntegrationTest.ApiJobsIntegrationTest.JobsContentsTest
    Unity.Publishing.Api.IntegrationTest.ApiJobsIntegrationTest.TriggerJobTest
    Unity.Publishing.Api.IntegrationTest.ApiJobsIntegrationTest.JobDataModelTest
    Unity.Publishing.Api.IntegrationTest.ApiReleaseTracksIntegrationTest.CreateNewReleaseTrackTest
    Unity.Publishing.Api.IntegrationTest.ApiReleaseTracksIntegrationTest.GetAccessAPITest
    Unity.Publishing.Api.IntegrationTest.ApiReleaseTracksIntegrationTest.UpdateReleaseTrackTest
    Unity.Publishing.Api.IntegrationTest.ApiReleaseTracksIntegrationTest.UpdateReleaseTrackTest [FAIL]
      message: Expected object to be OK because /api/releasetracks/branchupdate should return code OK, but found InternalServerError.;
      Expected object to be OK because /api/releasetracks/branchcheck should return code OK, but found InternalServerError.
      Expected: True
      Actual:   False
      Stack Trace:
        C:\Users\jinxu\Documents\GitHub\kunai\dev\itest\test\Publishing.Api.IntegrationTest\ApiIntegrationTestBase.cs(105,0): at Unity.Publishing.Api.IntegrationTest.ApiIntegrationTestBase.Asser
tTestcase(List`1 errmsgs)
        C:\Users\jinxu\Documents\GitHub\kunai\dev\itest\test\Publishing.Api.IntegrationTest\ApiReleaseTracksIntegrationTest.cs(379,0): at Unity.Publishing.Api.IntegrationTest.ApiReleaseTracksInt
egrationTest.UpdateReleaseTrackTest()
    Unity.Publishing.Api.IntegrationTest.ApiReleaseTracksIntegrationTest.CheckMethodsTest
    Unity.Publishing.Api.IntegrationTest.ApiReleaseTracksIntegrationTest.AccessReleaseTrackIDTest
    Unity.Publishing.Api.IntegrationTest.ApiReleaseTracksIntegrationTest.PostDataModelTest
  Finished:    Publishing.Api.IntegrationTest
=== TEST EXECUTION SUMMARY ===
   Publishing.Api.IntegrationTest  Total: 20, Errors: 0, Failed: 1, Skipped: 0, Time: 12,289s
Parse the test report, and send the Error message to Slack channel
Cannot convert value "System.Object[]" to type "System.Xml.XmlDocument". Error: "The specified node cannot be inserted a
s the valid child of this node, because the specified node is the wrong type."
At C:\Users\jinxu\Documents\GitHub\kunai\test\TestExecutor\ProcessIntegrationResult.ps1:10 char:1
+ [xml]$IntegrationTestResult = Get-Content $testresultfolder$testrepor ...
+ ~~~~~~~~~~~~~~~~~~~~~~~~~~~~~~~~~~~~~~~~~~~~~~~~~~~~~~~~~~~~~~~~~~~~~
    + CategoryInfo          : MetadataError: (:) [], ArgumentTransformationMetadataException
    + FullyQualifiedErrorId : RuntimeException
Cannot convert value "System.Object[]" to type "System.Xml.XmlDocument". Error: "The specified node cannot be inserted as the valid child of this node, because the specified node is the wrong t
ype."
At C:\Users\jinxu\Documents\GitHub\kunai\test\TestExecutor\ProcessIntegrationResult.ps1:10 char:1
+ [xml]$IntegrationTestResult = Get-Content $testresultfolder$testrepor ...
+ ~~~~~~~~~~~~~~~~~~~~~~~~~~~~~~~~~~~~~~~~~~~~~~~~~~~~~~~~~~~~~~~~~~~~~
    + CategoryInfo          : MetadataError: (:) [], ArgumentTransformationMetadataException
    + FullyQualifiedErrorId : RuntimeException

**************   Reporting *******************
  % Total    % Received % Xferd  Average Speed   Time    Time     Time  Current
                                 Dload  Upload   Total   Spent    Left  Speed
100  2580  100  2580    0     0  33076      0 --:--:-- --:--:-- --:--:-- 33076

Stop ALL running docker containers, and node processes.
Test converage report and server logs are uploaded to Google Drive
  % Total    % Received % Xferd  Average Speed   Time    Time     Time  Current
                                 Dload  Upload   Total   Spent    Left  Speed
100  7268  100  7268    0     0  93179      0 --:--:-- --:--:-- --:--:-- 93179
  % Total    % Received % Xferd  Average Speed   Time    Time     Time  Current
                                 Dload  Upload   Total   Spent    Left  Speed
100  2651  100  2651    0     0  33987      0 --:--:-- --:--:-- --:--:-- 33987
Traceback (most recent call last):
  File "CreateTestOverview.py", line 66, in <module>
    testresult = ET.parse(r'C:\Users\jinxu\Documents\GitHub\kunai\test\result\integrationTest.xml').getroot()
  File "c:\program files\anaconda3\Lib\xml\etree\ElementTree.py", line 1196, in parse
    tree.parse(source, parser)
  File "c:\program files\anaconda3\Lib\xml\etree\ElementTree.py", line 597, in parse
    self._root = parser._parse_whole(source)
xml.etree.ElementTree.ParseError: not well-formed (invalid token): line 69, column 50
usage: UploadLogToGDrive.py [-h] [--auth_host_name AUTH_HOST_NAME]
                            [--noauth_local_webserver]
                            [--auth_host_port [AUTH_HOST_PORT [AUTH_HOST_PORT ...]]]
                            [--logging_level {DEBUG,INFO,WARNING,ERROR,CRITICAL}]
UploadLogToGDrive.py: error: unrecognized arguments: C:\Users\jinxu\Documents\GitHub\kunai\test\Log\Backend.log 1iecekG5Rlnme9rfJ4PWP1KPUh1Kt8JOLIMcJHIeZmvk
usage: UploadLogToGDrive.py [-h] [--auth_host_name AUTH_HOST_NAME]
                            [--noauth_local_webserver]
                            [--auth_host_port [AUTH_HOST_PORT [AUTH_HOST_PORT ...]]]
                            [--logging_level {DEBUG,INFO,WARNING,ERROR,CRITICAL}]
UploadLogToGDrive.py: error: unrecognized arguments: C:\Users\jinxu\Documents\GitHub\kunai\test\Log\Frontend.log 1CmjkWFjPUQZJmEHqgnFhruFMyfR2Gxm8EDGmUKPaMbY
PS C:\Users\jinxu\Documents\GitHub\kunai\test\TestExecutor> .\RunTest.ps1
Stop ALL running docker containers, and node processes.
Download the lastest artifacts, and rebuild the docker images, and restart containers.
Build the latest tests in DEV envionrment
  Restoring packages for C:\Users\jinxu\Documents\GitHub\kunai\dev\itest\test\Publishing.IntegrationTests.Framework\Publishing.IntegrationTests.Framework.csproj...
  Lock file has not changed. Skipping lock file write. Path: C:\Users\jinxu\Documents\GitHub\kunai\dev\itest\test\Publishing.IntegrationTests.Framework\obj\project.assets.json
  Restore completed in 312,06 ms for C:\Users\jinxu\Documents\GitHub\kunai\dev\itest\test\Publishing.IntegrationTests.Framework\Publishing.IntegrationTests.Framework.csproj.

  NuGet Config files used:
      C:\Users\jinxu\AppData\Roaming\NuGet\NuGet.Config
      C:\Program Files (x86)\NuGet\Config\Microsoft.VisualStudio.Offline.config

  Feeds used:
      https://api.nuget.org/v3/index.json
      C:\Program Files (x86)\Microsoft SDKs\NuGetPackages\
Microsoft (R) Build Engine version 15.1.1012.6693
Copyright (C) Microsoft Corporation. All rights reserved.

  Publishing.IntegrationTests.Framework -> C:\Users\jinxu\Documents\GitHub\kunai\dev\itest\test\Publishing.IntegrationTests.Framework\bin\Debug\netstandard1.6\Publishing.Abstractions.dll

Build succeeded.
    0 Warning(s)
    0 Error(s)

Time Elapsed 00:00:00.58
Exeucte all stable testcase, and write the result to an XML file
Remove-Item : Cannot find path 'C:\users\jinxu\Documents\GitHub\kunai\test\Log\integrationTest.xml' because it does not 
exist.
At C:\Users\jinxu\Documents\GitHub\kunai\test\TestExecutor\RunTest.ps1:17 char:1
+ Remove-Item -Force $testreportfolder$testreportname
+ ~~~~~~~~~~~~~~~~~~~~~~~~~~~~~~~~~~~~~~~~~~~~~~~~~~~
    + CategoryInfo          : ObjectNotFound: (C:\users\jinxu\...grationTest.xml:String) [Remove-Item], ItemNotFoundExce
ption
    + FullyQualifiedErrorId : PathNotFound,Microsoft.PowerShell.Commands.RemoveItemCommand
Remove-Item : Cannot find path 'C:\users\jinxu\Documents\GitHub\kunai\test\Log\integrationTest.xml' because it does not exist.
At C:\Users\jinxu\Documents\GitHub\kunai\test\TestExecutor\RunTest.ps1:17 char:1
+ Remove-Item -Force $testreportfolder$testreportname
+ ~~~~~~~~~~~~~~~~~~~~~~~~~~~~~~~~~~~~~~~~~~~~~~~~~~~
    + CategoryInfo          : ObjectNotFound: (C:\users\jinxu\...grationTest.xml:String) [Remove-Item], ItemNotFoundException
    + FullyQualifiedErrorId : PathNotFound,Microsoft.PowerShell.Commands.RemoveItemCommand

  Restoring packages for C:\Users\jinxu\Documents\GitHub\kunai\dev\itest\test\Publishing.Api.IntegrationTest\Publishing.Api.IntegrationTest.csproj...
  Restoring packages for C:\Users\jinxu\Documents\GitHub\kunai\dev\itest\test\Publishing.Api.IntegrationTest\Publishing.Api.IntegrationTest.csproj...
  Restoring packages for C:\Users\jinxu\Documents\GitHub\kunai\dev\itest\test\Publishing.IntegrationTests.Framework\Publishing.IntegrationTests.Framework.csproj...
  Lock file has not changed. Skipping lock file write. Path: C:\Users\jinxu\Documents\GitHub\kunai\dev\itest\test\Publishing.IntegrationTests.Framework\obj\project.assets.json
  Restore completed in 235,01 ms for C:\Users\jinxu\Documents\GitHub\kunai\dev\itest\test\Publishing.IntegrationTests.Framework\Publishing.IntegrationTests.Framework.csproj.
  Lock file has not changed. Skipping lock file write. Path: C:\Users\jinxu\Documents\GitHub\kunai\dev\itest\test\Publishing.Api.IntegrationTest\obj\project.assets.json
  Restore completed in 456,29 ms for C:\Users\jinxu\Documents\GitHub\kunai\dev\itest\test\Publishing.Api.IntegrationTest\Publishing.Api.IntegrationTest.csproj.
  Restore completed in 648,66 ms for C:\Users\jinxu\Documents\GitHub\kunai\dev\itest\test\Publishing.Api.IntegrationTest\Publishing.Api.IntegrationTest.csproj.

  NuGet Config files used:
      C:\Users\jinxu\AppData\Roaming\NuGet\NuGet.Config
      C:\Program Files (x86)\NuGet\Config\Microsoft.VisualStudio.Offline.config

  Feeds used:
      https://api.nuget.org/v3/index.json
      C:\Program Files (x86)\Microsoft SDKs\NuGetPackages\
Microsoft (R) Build Engine version 15.1.1012.6693
Copyright (C) Microsoft Corporation. All rights reserved.

  Publishing.IntegrationTests.Framework -> C:\Users\jinxu\Documents\GitHub\kunai\dev\itest\test\Publishing.IntegrationTests.Framework\bin\Debug\netstandard1.6\Publishing.Abstractions.dll
  Publishing.Api.IntegrationTest -> C:\Users\jinxu\Documents\GitHub\kunai\dev\itest\test\Publishing.Api.IntegrationTest\bin\Debug\netcoreapp1.1\Publishing.Api.IntegrationTest.dll

Build succeeded.
    0 Warning(s)
    0 Error(s)

Time Elapsed 00:00:01.57
Detecting target frameworks in Publishing.Api.IntegrationTest.csproj...
Building for framework netcoreapp1.1...
  Publishing.IntegrationTests.Framework -> C:\Users\jinxu\Documents\GitHub\kunai\dev\itest\test\Publishing.IntegrationTests.Framework\bin\Debug\netstandard1.6\Publishing.Abstractions.dll
  Publishing.Api.IntegrationTest -> C:\Users\jinxu\Documents\GitHub\kunai\dev\itest\test\Publishing.Api.IntegrationTest\bin\Debug\netcoreapp1.1\Publishing.Api.IntegrationTest.dll
Running .NET Core tests for framework netcoreapp1.1...
xUnit.net Console Runner (64-bit .NET Core 4.6.25211.01)
  Discovering: Publishing.Api.IntegrationTest
  Discovered:  Publishing.Api.IntegrationTest
  Starting:    Publishing.Api.IntegrationTest
    Unity.Publishing.Api.IntegrationTest.RestAPITest.InvalidApiKeyTest
    Unity.Publishing.Api.IntegrationTest.RestAPITest.EndpointCheck
    Unity.Publishing.Api.IntegrationTest.ApiBuildsIntegrationTest.GetAccessAPITest
    Unity.Publishing.Api.IntegrationTest.ApiBuildsIntegrationTest.BuildsWithKatanaTest
    Unity.Publishing.Api.IntegrationTest.ApiBuildsIntegrationTest.CheckMethodsTest
    Unity.Publishing.Api.IntegrationTest.ApiBuildsIntegrationTest.PromoteBuildTest
    Unity.Publishing.Api.IntegrationTest.ApiBuildsIntegrationTest.GetAccessAPIWithIdTest
    Unity.Publishing.Api.IntegrationTest.ApiVersionsIntegrationTest.GetAccessAPIWithFilterTest
offset:integer
count:integer
http://localhost:6002/api/versions?offset eq 296140332 & count eq 296140332
    Unity.Publishing.Api.IntegrationTest.ApiVersionsIntegrationTest.CheckMethodsTest
    Unity.Publishing.Api.IntegrationTest.ApiVersionsIntegrationTest.GetAccessAPITest
    Unity.Publishing.Api.IntegrationTest.ApiJobsIntegrationTest.CheckMethodsTest
    Unity.Publishing.Api.IntegrationTest.ApiJobsIntegrationTest.JobsContentsTest
    Unity.Publishing.Api.IntegrationTest.ApiJobsIntegrationTest.TriggerJobTest
    Unity.Publishing.Api.IntegrationTest.ApiJobsIntegrationTest.JobDataModelTest
    Unity.Publishing.Api.IntegrationTest.ApiReleaseTracksIntegrationTest.CreateNewReleaseTrackTest
    Unity.Publishing.Api.IntegrationTest.ApiReleaseTracksIntegrationTest.GetAccessAPITest
    Unity.Publishing.Api.IntegrationTest.ApiReleaseTracksIntegrationTest.UpdateReleaseTrackTest
    Unity.Publishing.Api.IntegrationTest.ApiReleaseTracksIntegrationTest.UpdateReleaseTrackTest [FAIL]
      message: Expected object to be OK because /api/releasetracks/branchupdate should return code OK, but found InternalServerError.;
      Expected object to be OK because /api/releasetracks/branchcheck should return code OK, but found InternalServerError.
      Expected: True
      Actual:   False
      Stack Trace:
        C:\Users\jinxu\Documents\GitHub\kunai\dev\itest\test\Publishing.Api.IntegrationTest\ApiIntegrationTestBase.cs(105,0): at Unity.Publishing.Api.IntegrationTest.ApiIntegrationTestBase.Asser
tTestcase(List`1 errmsgs)
        C:\Users\jinxu\Documents\GitHub\kunai\dev\itest\test\Publishing.Api.IntegrationTest\ApiReleaseTracksIntegrationTest.cs(379,0): at Unity.Publishing.Api.IntegrationTest.ApiReleaseTracksInt
egrationTest.UpdateReleaseTrackTest()
    Unity.Publishing.Api.IntegrationTest.ApiReleaseTracksIntegrationTest.CheckMethodsTest
    Unity.Publishing.Api.IntegrationTest.ApiReleaseTracksIntegrationTest.AccessReleaseTrackIDTest
    Unity.Publishing.Api.IntegrationTest.ApiReleaseTracksIntegrationTest.PostDataModelTest
  Finished:    Publishing.Api.IntegrationTest
=== TEST EXECUTION SUMMARY ===
   Publishing.Api.IntegrationTest  Total: 20, Errors: 0, Failed: 1, Skipped: 0, Time: 8,763s
Parse the test report, and send the Error message to Slack channel
**************   Reporting *******************
  % Total    % Received % Xferd  Average Speed   Time    Time     Time  Current
                                 Dload  Upload   Total   Spent    Left  Speed
100  2580  100  2580    0     0  12709      0 --:--:-- --:--:-- --:--:-- 12709

  % Total    % Received % Xferd  Average Speed   Time    Time     Time  Current
                                 Dload  Upload   Total   Spent    Left  Speed
100    15  100    15    0     0     80      0 --:--:-- --:--:-- --:--:--    80
  File "UploadCSVToGDrive.py", line 1
    404: Not Found
                 ^
SyntaxError: invalid syntax
You cannot call a method on a null-valued expression.
At C:\Users\jinxu\Documents\GitHub\kunai\test\TestExecutor\ProcessIntegrationResult.ps1:59 char:14
+ ...        if ( $olderror.Testcase.Contains($TestcaseFullPath) -and $olde ...
+                 ~~~~~~~~~~~~~~~~~~~~~~~~~~~~~~~~~~~~~~~~~~~~~~~~~~~~~~~~~
    + CategoryInfo          : InvalidOperation: (:) [], RuntimeException
    + FullyQualifiedErrorId : InvokeMethodOnNull
You cannot call a method on a null-valued expression.
At C:\Users\jinxu\Documents\GitHub\kunai\test\TestExecutor\ProcessIntegrationResult.ps1:59 char:14
+ ...        if ( $olderror.Testcase.Contains($TestcaseFullPath) -and $olde ...
+                 ~~~~~~~~~~~~~~~~~~~~~~~~~~~~~~~~~~~~~~~~~~~~~~~~~~~~~~~~~
    + CategoryInfo          : InvalidOperation: (:) [], RuntimeException
    + FullyQualifiedErrorId : InvokeMethodOnNull

  % Total    % Received % Xferd  Average Speed   Time    Time     Time  Current
                                 Dload  Upload   Total   Spent    Left  Speed
100    15  100    15    0     0     79      0 --:--:-- --:--:-- --:--:--    79
  File ".\SendErrorToSlack.py", line 1
    404: Not Found
                 ^
SyntaxError: invalid syntax
Stop ALL running docker containers, and node processes.
Test converage report and server logs are uploaded to Google Drive
  % Total    % Received % Xferd  Average Speed   Time    Time     Time  Current
                                 Dload  Upload   Total   Spent    Left  Speed
100  7268  100  7268    0     0  38866      0 --:--:-- --:--:-- --:--:-- 38866
  % Total    % Received % Xferd  Average Speed   Time    Time     Time  Current
                                 Dload  Upload   Total   Spent    Left  Speed
100  2651  100  2651    0     0  15412      0 --:--:-- --:--:-- --:--:-- 15412
Traceback (most recent call last):
  File "CreateTestOverview.py", line 161, in <module>
    spreadsheetId=spreadsheetId, valueInputOption="RAW", range=rangeName, body=_body).execute()
  File "C:\Users\jinxu\Documents\GitHub\kunai\test\TestExecutor\GoogleSpreadSheet\lib\site-packages\oauth2client\_helpers.py", line 133, in positional_wrapper
    return wrapped(*args, **kwargs)
  File "C:\Users\jinxu\Documents\GitHub\kunai\test\TestExecutor\GoogleSpreadSheet\lib\site-packages\googleapiclient\http.py", line 840, in execute
    raise HttpError(resp, content, uri=self.uri)
googleapiclient.errors.HttpError: <HttpError 503 when requesting https://sheets.googleapis.com/v4/spreadsheets/1KcpQz3oEj9jQOXc2feI-veEJ-D1PwTrITvhRgNI8bFM/values/A1%3AC1?valueInputOption=RAW&al
t=json returned "The service is currently unavailable.">
usage: UploadLogToGDrive.py [-h] [--auth_host_name AUTH_HOST_NAME]
                            [--noauth_local_webserver]
                            [--auth_host_port [AUTH_HOST_PORT [AUTH_HOST_PORT ...]]]
                            [--logging_level {DEBUG,INFO,WARNING,ERROR,CRITICAL}]
UploadLogToGDrive.py: error: unrecognized arguments: C:\Users\jinxu\Documents\GitHub\kunai\test\Log\Backend.log 1iecekG5Rlnme9rfJ4PWP1KPUh1Kt8JOLIMcJHIeZmvk
usage: UploadLogToGDrive.py [-h] [--auth_host_name AUTH_HOST_NAME]
                            [--noauth_local_webserver]
                            [--auth_host_port [AUTH_HOST_PORT [AUTH_HOST_PORT ...]]]
                            [--logging_level {DEBUG,INFO,WARNING,ERROR,CRITICAL}]
UploadLogToGDrive.py: error: unrecognized arguments: C:\Users\jinxu\Documents\GitHub\kunai\test\Log\Frontend.log 1CmjkWFjPUQZJmEHqgnFhruFMyfR2Gxm8EDGmUKPaMbY
PS C:\Users\jinxu\Documents\GitHub\kunai\test\TestExecutor> .\RunTest.ps1
Stop ALL running docker containers, and node processes.
Download the lastest artifacts, and rebuild the docker images, and restart containers.
Build the latest tests in DEV envionrment
  Restoring packages for C:\Users\jinxu\Documents\GitHub\kunai\dev\itest\test\Publishing.IntegrationTests.Framework\Publishing.IntegrationTests.Framework.csproj...
  Lock file has not changed. Skipping lock file write. Path: C:\Users\jinxu\Documents\GitHub\kunai\dev\itest\test\Publishing.IntegrationTests.Framework\obj\project.assets.json
  Restore completed in 257,62 ms for C:\Users\jinxu\Documents\GitHub\kunai\dev\itest\test\Publishing.IntegrationTests.Framework\Publishing.IntegrationTests.Framework.csproj.

  NuGet Config files used:
      C:\Users\jinxu\AppData\Roaming\NuGet\NuGet.Config
      C:\Program Files (x86)\NuGet\Config\Microsoft.VisualStudio.Offline.config

  Feeds used:
      https://api.nuget.org/v3/index.json
      C:\Program Files (x86)\Microsoft SDKs\NuGetPackages\
Microsoft (R) Build Engine version 15.1.1012.6693
Copyright (C) Microsoft Corporation. All rights reserved.

  Publishing.IntegrationTests.Framework -> C:\Users\jinxu\Documents\GitHub\kunai\dev\itest\test\Publishing.IntegrationTests.Framework\bin\Debug\netstandard1.6\Publishing.Abstractions.dll

Build succeeded.
    0 Warning(s)
    0 Error(s)

Time Elapsed 00:00:00.63
Exeucte all stable testcase, and write the result to an XML file
Remove-Item : Cannot find path 'C:\users\jinxu\Documents\GitHub\kunai\test\Log\integrationTest.xml' because it does not 
exist.
At C:\Users\jinxu\Documents\GitHub\kunai\test\TestExecutor\RunTest.ps1:17 char:1
+ Remove-Item -Force $testreportfolder$testreportname
+ ~~~~~~~~~~~~~~~~~~~~~~~~~~~~~~~~~~~~~~~~~~~~~~~~~~~
    + CategoryInfo          : ObjectNotFound: (C:\users\jinxu\...grationTest.xml:String) [Remove-Item], ItemNotFoundExce
ption
    + FullyQualifiedErrorId : PathNotFound,Microsoft.PowerShell.Commands.RemoveItemCommand
Remove-Item : Cannot find path 'C:\users\jinxu\Documents\GitHub\kunai\test\Log\integrationTest.xml' because it does not exist.
At C:\Users\jinxu\Documents\GitHub\kunai\test\TestExecutor\RunTest.ps1:17 char:1
+ Remove-Item -Force $testreportfolder$testreportname
+ ~~~~~~~~~~~~~~~~~~~~~~~~~~~~~~~~~~~~~~~~~~~~~~~~~~~
    + CategoryInfo          : ObjectNotFound: (C:\users\jinxu\...grationTest.xml:String) [Remove-Item], ItemNotFoundException
    + FullyQualifiedErrorId : PathNotFound,Microsoft.PowerShell.Commands.RemoveItemCommand

  Restoring packages for C:\Users\jinxu\Documents\GitHub\kunai\dev\itest\test\Publishing.Api.IntegrationTest\Publishing.Api.IntegrationTest.csproj...
  Restoring packages for C:\Users\jinxu\Documents\GitHub\kunai\dev\itest\test\Publishing.IntegrationTests.Framework\Publishing.IntegrationTests.Framework.csproj...
  Restoring packages for C:\Users\jinxu\Documents\GitHub\kunai\dev\itest\test\Publishing.Api.IntegrationTest\Publishing.Api.IntegrationTest.csproj...
  Lock file has not changed. Skipping lock file write. Path: C:\Users\jinxu\Documents\GitHub\kunai\dev\itest\test\Publishing.IntegrationTests.Framework\obj\project.assets.json
  Restore completed in 253,83 ms for C:\Users\jinxu\Documents\GitHub\kunai\dev\itest\test\Publishing.IntegrationTests.Framework\Publishing.IntegrationTests.Framework.csproj.
  Lock file has not changed. Skipping lock file write. Path: C:\Users\jinxu\Documents\GitHub\kunai\dev\itest\test\Publishing.Api.IntegrationTest\obj\project.assets.json
  Restore completed in 486 ms for C:\Users\jinxu\Documents\GitHub\kunai\dev\itest\test\Publishing.Api.IntegrationTest\Publishing.Api.IntegrationTest.csproj.
  Restore completed in 642,24 ms for C:\Users\jinxu\Documents\GitHub\kunai\dev\itest\test\Publishing.Api.IntegrationTest\Publishing.Api.IntegrationTest.csproj.

  NuGet Config files used:
      C:\Users\jinxu\AppData\Roaming\NuGet\NuGet.Config
      C:\Program Files (x86)\NuGet\Config\Microsoft.VisualStudio.Offline.config

  Feeds used:
      https://api.nuget.org/v3/index.json
      C:\Program Files (x86)\Microsoft SDKs\NuGetPackages\
Microsoft (R) Build Engine version 15.1.1012.6693
Copyright (C) Microsoft Corporation. All rights reserved.

  Publishing.IntegrationTests.Framework -> C:\Users\jinxu\Documents\GitHub\kunai\dev\itest\test\Publishing.IntegrationTests.Framework\bin\Debug\netstandard1.6\Publishing.Abstractions.dll
  Publishing.Api.IntegrationTest -> C:\Users\jinxu\Documents\GitHub\kunai\dev\itest\test\Publishing.Api.IntegrationTest\bin\Debug\netcoreapp1.1\Publishing.Api.IntegrationTest.dll

Build succeeded.
    0 Warning(s)
    0 Error(s)

Time Elapsed 00:00:01.64
Detecting target frameworks in Publishing.Api.IntegrationTest.csproj...
Building for framework netcoreapp1.1...
  Publishing.IntegrationTests.Framework -> C:\Users\jinxu\Documents\GitHub\kunai\dev\itest\test\Publishing.IntegrationTests.Framework\bin\Debug\netstandard1.6\Publishing.Abstractions.dll
  Publishing.Api.IntegrationTest -> C:\Users\jinxu\Documents\GitHub\kunai\dev\itest\test\Publishing.Api.IntegrationTest\bin\Debug\netcoreapp1.1\Publishing.Api.IntegrationTest.dll
Running .NET Core tests for framework netcoreapp1.1...
xUnit.net Console Runner (64-bit .NET Core 4.6.25211.01)
  Discovering: Publishing.Api.IntegrationTest
  Discovered:  Publishing.Api.IntegrationTest
  Starting:    Publishing.Api.IntegrationTest
    Unity.Publishing.Api.IntegrationTest.ApiBuildsIntegrationTest.GetAccessAPITest
    Unity.Publishing.Api.IntegrationTest.ApiBuildsIntegrationTest.BuildsWithKatanaTest
    Unity.Publishing.Api.IntegrationTest.ApiBuildsIntegrationTest.BuildsWithKatanaTest [FAIL]
      System.Exception : InternalServerError is unexpected
      Stack Trace:
        C:\Users\jinxu\Documents\GitHub\kunai\dev\itest\test\Publishing.IntegrationTests.Framework\RestClient.cs(198,0): at Unity.Publishing.IntegrationTests.Framework.RestClient.CreateReleaseTrack(String name, String[] branchname, String url)
        C:\Users\jinxu\Documents\GitHub\kunai\dev\itest\test\Publishing.Api.IntegrationTest\ApiBuildsIntegrationTest.cs(259,0): at Unity.Publishing.Api.IntegrationTest.ApiBuildsIntegrationTest.BuildsWithKatanaTest()
    Unity.Publishing.Api.IntegrationTest.ApiBuildsIntegrationTest.CheckMethodsTest
    Unity.Publishing.Api.IntegrationTest.ApiBuildsIntegrationTest.PromoteBuildTest
    Unity.Publishing.Api.IntegrationTest.ApiBuildsIntegrationTest.GetAccessAPIWithIdTest
    Unity.Publishing.Api.IntegrationTest.RestAPITest.InvalidApiKeyTest
    Unity.Publishing.Api.IntegrationTest.RestAPITest.EndpointCheck
    Unity.Publishing.Api.IntegrationTest.ApiVersionsIntegrationTest.GetAccessAPIWithFilterTest
offset:integer
count:integer
http://localhost:6002/api/versions?offset ge 1842067045 & count ge 1842067045
    Unity.Publishing.Api.IntegrationTest.ApiVersionsIntegrationTest.CheckMethodsTest
    Unity.Publishing.Api.IntegrationTest.ApiVersionsIntegrationTest.GetAccessAPITest
    Unity.Publishing.Api.IntegrationTest.ApiReleaseTracksIntegrationTest.CreateNewReleaseTrackTest
    Unity.Publishing.Api.IntegrationTest.ApiReleaseTracksIntegrationTest.GetAccessAPITest
    Unity.Publishing.Api.IntegrationTest.ApiReleaseTracksIntegrationTest.UpdateReleaseTrackTest
    Unity.Publishing.Api.IntegrationTest.ApiReleaseTracksIntegrationTest.UpdateReleaseTrackTest [FAIL]
      message: Expected object to be OK because /api/releasetracks/branchupdate should return code OK, but found InternalServerError.;
      Expected object to be OK because /api/releasetracks/branchcheck should return code OK, but found InternalServerError.
      Expected: True
      Actual:   False
      Stack Trace:
        C:\Users\jinxu\Documents\GitHub\kunai\dev\itest\test\Publishing.Api.IntegrationTest\ApiIntegrationTestBase.cs(105,0): at Unity.Publishing.Api.IntegrationTest.ApiIntegrationTestBase.AssertTestcase(List`1 errmsgs)
        C:\Users\jinxu\Documents\GitHub\kunai\dev\itest\test\Publishing.Api.IntegrationTest\ApiReleaseTracksIntegrationTest.cs(379,0): at Unity.Publishing.Api.IntegrationTest.ApiReleaseTracksIntegrationTest.UpdateReleaseTrackTest()
    Unity.Publishing.Api.IntegrationTest.ApiReleaseTracksIntegrationTest.CheckMethodsTest
    Unity.Publishing.Api.IntegrationTest.ApiReleaseTracksIntegrationTest.AccessReleaseTrackIDTest
    Unity.Publishing.Api.IntegrationTest.ApiReleaseTracksIntegrationTest.PostDataModelTest
    Unity.Publishing.Api.IntegrationTest.ApiJobsIntegrationTest.CheckMethodsTest
    Unity.Publishing.Api.IntegrationTest.ApiJobsIntegrationTest.JobsContentsTest
    Unity.Publishing.Api.IntegrationTest.ApiJobsIntegrationTest.TriggerJobTest
    Unity.Publishing.Api.IntegrationTest.ApiJobsIntegrationTest.JobDataModelTest
  Finished:    Publishing.Api.IntegrationTest
=== TEST EXECUTION SUMMARY ===
   Publishing.Api.IntegrationTest  Total: 20, Errors: 0, Failed: 2, Skipped: 0, Time: 8,051s
Parse the test report, and send the Error message to Slack channel
**************   Reporting *******************
  % Total    % Received % Xferd  Average Speed   Time    Time     Time  Current
                                 Dload  Upload   Total   Spent    Left  Speed
100  2580  100  2580    0     0  12709      0 --:--:-- --:--:-- --:--:-- 12709

  % Total    % Received % Xferd  Average Speed   Time    Time     Time  Current
                                 Dload  Upload   Total   Spent    Left  Speed
100    15  100    15    0     0     80      0 --:--:-- --:--:-- --:--:--    80
  File "UploadCSVToGDrive.py", line 1
    404: Not Found
                 ^
SyntaxError: invalid syntax
  % Total    % Received % Xferd  Average Speed   Time    Time     Time  Current
                                 Dload  Upload   Total   Spent    Left  Speed
100    15  100    15    0     0     73      0 --:--:-- --:--:-- --:--:--    73
  File ".\SendErrorToSlack.py", line 1
    404: Not Found
                 ^
SyntaxError: invalid syntax
  % Total    % Received % Xferd  Average Speed   Time    Time     Time  Current
                                 Dload  Upload   Total   Spent    Left  Speed
100    15  100    15    0     0    241      0 --:--:-- --:--:-- --:--:--   241
  File "UploadCSVToGDrive.py", line 1
    404: Not Found
                 ^
SyntaxError: invalid syntax
Stop ALL running docker containers, and node processes.
Test converage report and server logs are uploaded to Google Drive
  % Total    % Received % Xferd  Average Speed   Time    Time     Time  Current
                                 Dload  Upload   Total   Spent    Left  Speed
100  7268  100  7268    0     0  38659      0 --:--:-- --:--:-- --:--:-- 38659
  % Total    % Received % Xferd  Average Speed   Time    Time     Time  Current
                                 Dload  Upload   Total   Spent    Left  Speed
100  2651  100  2651    0     0  15412      0 --:--:-- --:--:-- --:--:-- 15412

usage: UploadLogToGDrive.py [-h] [--auth_host_name AUTH_HOST_NAME]
                            [--noauth_local_webserver]
                            [--auth_host_port [AUTH_HOST_PORT [AUTH_HOST_PORT ...]]]
                            [--logging_level {DEBUG,INFO,WARNING,ERROR,CRITICAL}]
UploadLogToGDrive.py: error: unrecognized arguments: r$logfolder$backendlogfile 1iecekG5Rlnme9rfJ4PWP1KPUh1Kt8JOLIMcJHIeZmvk
usage: UploadLogToGDrive.py [-h] [--auth_host_name AUTH_HOST_NAME]
                            [--noauth_local_webserver]
                            [--auth_host_port [AUTH_HOST_PORT [AUTH_HOST_PORT ...]]]
                            [--logging_level {DEBUG,INFO,WARNING,ERROR,CRITICAL}]
UploadLogToGDrive.py: error: unrecognized arguments: r$logfolder$frontendlogfile 1CmjkWFjPUQZJmEHqgnFhruFMyfR2Gxm8EDGmUKPaMbY
PS C:\Users\jinxu\Documents\GitHub\kunai\test\TestExecutor> .\RunTest.ps1
Stop ALL running docker containers, and node processes.
Download the lastest artifacts, and rebuild the docker images, and restart containers.
Build the latest tests in DEV envionrment
  Restoring packages for C:\Users\jinxu\Documents\GitHub\kunai\dev\itest\test\Publishing.IntegrationTests.Framework\Publishing.IntegrationTests.Framework.csproj...
  Lock file has not changed. Skipping lock file write. Path: C:\Users\jinxu\Documents\GitHub\kunai\dev\itest\test\Publishing.IntegrationTests.Framework\obj\project.assets.json
  Restore completed in 251,72 ms for C:\Users\jinxu\Documents\GitHub\kunai\dev\itest\test\Publishing.IntegrationTests.Framework\Publishing.IntegrationTests.Framework.csproj.

  NuGet Config files used:
      C:\Users\jinxu\AppData\Roaming\NuGet\NuGet.Config
      C:\Program Files (x86)\NuGet\Config\Microsoft.VisualStudio.Offline.config

  Feeds used:
      https://api.nuget.org/v3/index.json
      C:\Program Files (x86)\Microsoft SDKs\NuGetPackages\
Microsoft (R) Build Engine version 15.1.1012.6693
Copyright (C) Microsoft Corporation. All rights reserved.

  Publishing.IntegrationTests.Framework -> C:\Users\jinxu\Documents\GitHub\kunai\dev\itest\test\Publishing.IntegrationTests.Framework\bin\Debug\netstandard1.6\Publishing.Abstractions.dll

Build succeeded.
    0 Warning(s)
    0 Error(s)

Time Elapsed 00:00:00.66
Exeucte all stable testcase, and write the result to an XML file
Remove-Item : Cannot find path 'C:\users\jinxu\Documents\GitHub\kunai\test\Log\integrationTest.xml' because it does not 
exist.
At C:\Users\jinxu\Documents\GitHub\kunai\test\TestExecutor\RunTest.ps1:17 char:1
+ Remove-Item -Force $testreportfolder$testreportname
+ ~~~~~~~~~~~~~~~~~~~~~~~~~~~~~~~~~~~~~~~~~~~~~~~~~~~
    + CategoryInfo          : ObjectNotFound: (C:\users\jinxu\...grationTest.xml:String) [Remove-Item], ItemNotFoundExce
ption
    + FullyQualifiedErrorId : PathNotFound,Microsoft.PowerShell.Commands.RemoveItemCommand
Remove-Item : Cannot find path 'C:\users\jinxu\Documents\GitHub\kunai\test\Log\integrationTest.xml' because it does not exist.
At C:\Users\jinxu\Documents\GitHub\kunai\test\TestExecutor\RunTest.ps1:17 char:1
+ Remove-Item -Force $testreportfolder$testreportname
+ ~~~~~~~~~~~~~~~~~~~~~~~~~~~~~~~~~~~~~~~~~~~~~~~~~~~
    + CategoryInfo          : ObjectNotFound: (C:\users\jinxu\...grationTest.xml:String) [Remove-Item], ItemNotFoundException
    + FullyQualifiedErrorId : PathNotFound,Microsoft.PowerShell.Commands.RemoveItemCommand

  Restoring packages for C:\Users\jinxu\Documents\GitHub\kunai\dev\itest\test\Publishing.Api.IntegrationTest\Publishing.Api.IntegrationTest.csproj...
  Restoring packages for C:\Users\jinxu\Documents\GitHub\kunai\dev\itest\test\Publishing.Api.IntegrationTest\Publishing.Api.IntegrationTest.csproj...
  Restoring packages for C:\Users\jinxu\Documents\GitHub\kunai\dev\itest\test\Publishing.IntegrationTests.Framework\Publishing.IntegrationTests.Framework.csproj...
  Lock file has not changed. Skipping lock file write. Path: C:\Users\jinxu\Documents\GitHub\kunai\dev\itest\test\Publishing.IntegrationTests.Framework\obj\project.assets.json
  Restore completed in 237,72 ms for C:\Users\jinxu\Documents\GitHub\kunai\dev\itest\test\Publishing.IntegrationTests.Framework\Publishing.IntegrationTests.Framework.csproj.
  Lock file has not changed. Skipping lock file write. Path: C:\Users\jinxu\Documents\GitHub\kunai\dev\itest\test\Publishing.Api.IntegrationTest\obj\project.assets.json
  Restore completed in 451,8 ms for C:\Users\jinxu\Documents\GitHub\kunai\dev\itest\test\Publishing.Api.IntegrationTest\Publishing.Api.IntegrationTest.csproj.
  Restore completed in 617,52 ms for C:\Users\jinxu\Documents\GitHub\kunai\dev\itest\test\Publishing.Api.IntegrationTest\Publishing.Api.IntegrationTest.csproj.

  NuGet Config files used:
      C:\Users\jinxu\AppData\Roaming\NuGet\NuGet.Config
      C:\Program Files (x86)\NuGet\Config\Microsoft.VisualStudio.Offline.config

  Feeds used:
      https://api.nuget.org/v3/index.json
      C:\Program Files (x86)\Microsoft SDKs\NuGetPackages\
Microsoft (R) Build Engine version 15.1.1012.6693
Copyright (C) Microsoft Corporation. All rights reserved.

  Publishing.IntegrationTests.Framework -> C:\Users\jinxu\Documents\GitHub\kunai\dev\itest\test\Publishing.IntegrationTests.Framework\bin\Debug\netstandard1.6\Publishing.Abstractions.dll
  Publishing.Api.IntegrationTest -> C:\Users\jinxu\Documents\GitHub\kunai\dev\itest\test\Publishing.Api.IntegrationTest\bin\Debug\netcoreapp1.1\Publishing.Api.IntegrationTest.dll

Build succeeded.
    0 Warning(s)
    0 Error(s)

Time Elapsed 00:00:01.57
Detecting target frameworks in Publishing.Api.IntegrationTest.csproj...
Building for framework netcoreapp1.1...
  Publishing.IntegrationTests.Framework -> C:\Users\jinxu\Documents\GitHub\kunai\dev\itest\test\Publishing.IntegrationTests.Framework\bin\Debug\netstandard1.6\Publishing.Abstractions.dll
  Publishing.Api.IntegrationTest -> C:\Users\jinxu\Documents\GitHub\kunai\dev\itest\test\Publishing.Api.IntegrationTest\bin\Debug\netcoreapp1.1\Publishing.Api.IntegrationTest.dll
Running .NET Core tests for framework netcoreapp1.1...
xUnit.net Console Runner (64-bit .NET Core 4.6.25211.01)
  Discovering: Publishing.Api.IntegrationTest
  Discovered:  Publishing.Api.IntegrationTest
  Starting:    Publishing.Api.IntegrationTest
    Unity.Publishing.Api.IntegrationTest.ApiJobsIntegrationTest.CheckMethodsTest
    Unity.Publishing.Api.IntegrationTest.ApiJobsIntegrationTest.JobsContentsTest
    Unity.Publishing.Api.IntegrationTest.ApiJobsIntegrationTest.TriggerJobTest
    Unity.Publishing.Api.IntegrationTest.ApiJobsIntegrationTest.JobDataModelTest
    Unity.Publishing.Api.IntegrationTest.ApiReleaseTracksIntegrationTest.CreateNewReleaseTrackTest
    Unity.Publishing.Api.IntegrationTest.ApiReleaseTracksIntegrationTest.GetAccessAPITest
    Unity.Publishing.Api.IntegrationTest.ApiReleaseTracksIntegrationTest.UpdateReleaseTrackTest
    Unity.Publishing.Api.IntegrationTest.ApiReleaseTracksIntegrationTest.UpdateReleaseTrackTest [FAIL]
      message: Expected object to be OK because /api/releasetracks/branchupdate should return code OK, but found InternalServerError.;
      Expected object to be OK because /api/releasetracks/branchcheck should return code OK, but found InternalServerError.
      Expected: True
      Actual:   False
      Stack Trace:
        C:\Users\jinxu\Documents\GitHub\kunai\dev\itest\test\Publishing.Api.IntegrationTest\ApiIntegrationTestBase.cs(105,0): at Unity.Publishing.Api.IntegrationTest.ApiIntegrationTestBase.AssertTestcase(List`1 errmsgs)
        C:\Users\jinxu\Documents\GitHub\kunai\dev\itest\test\Publishing.Api.IntegrationTest\ApiReleaseTracksIntegrationTest.cs(379,0): at Unity.Publishing.Api.IntegrationTest.ApiReleaseTracksIntegrationTest.UpdateReleaseTrackTest()
    Unity.Publishing.Api.IntegrationTest.ApiReleaseTracksIntegrationTest.CheckMethodsTest
    Unity.Publishing.Api.IntegrationTest.ApiReleaseTracksIntegrationTest.AccessReleaseTrackIDTest
    Unity.Publishing.Api.IntegrationTest.ApiReleaseTracksIntegrationTest.PostDataModelTest
    Unity.Publishing.Api.IntegrationTest.ApiBuildsIntegrationTest.GetAccessAPITest
    Unity.Publishing.Api.IntegrationTest.ApiBuildsIntegrationTest.BuildsWithKatanaTest
    Unity.Publishing.Api.IntegrationTest.ApiBuildsIntegrationTest.CheckMethodsTest
    Unity.Publishing.Api.IntegrationTest.ApiBuildsIntegrationTest.PromoteBuildTest
    Unity.Publishing.Api.IntegrationTest.ApiBuildsIntegrationTest.GetAccessAPIWithIdTest
    Unity.Publishing.Api.IntegrationTest.ApiVersionsIntegrationTest.GetAccessAPIWithFilterTest
offset:integer
count:integer
http://localhost:6002/api/versions?offset lt 435122418 & count lt 435122418
    Unity.Publishing.Api.IntegrationTest.ApiVersionsIntegrationTest.CheckMethodsTest
    Unity.Publishing.Api.IntegrationTest.ApiVersionsIntegrationTest.GetAccessAPITest
    Unity.Publishing.Api.IntegrationTest.RestAPITest.InvalidApiKeyTest
    Unity.Publishing.Api.IntegrationTest.RestAPITest.EndpointCheck
  Finished:    Publishing.Api.IntegrationTest
=== TEST EXECUTION SUMMARY ===
   Publishing.Api.IntegrationTest  Total: 20, Errors: 0, Failed: 1, Skipped: 0, Time: 8,279s
Parse the test report, and send the Error message to Slack channel
Cannot convert value "System.Object[]" to type "System.Xml.XmlDocument". Error: "The specified node cannot be inserted a
s the valid child of this node, because the specified node is the wrong type."
At C:\Users\jinxu\Documents\GitHub\kunai\test\TestExecutor\ProcessIntegrationResult.ps1:10 char:1
+ [xml]$IntegrationTestResult = Get-Content $testresultfolder$testrepor ...
+ ~~~~~~~~~~~~~~~~~~~~~~~~~~~~~~~~~~~~~~~~~~~~~~~~~~~~~~~~~~~~~~~~~~~~~
    + CategoryInfo          : MetadataError: (:) [], ArgumentTransformationMetadataException
    + FullyQualifiedErrorId : RuntimeException
Cannot convert value "System.Object[]" to type "System.Xml.XmlDocument". Error: "The specified node cannot be inserted as the valid child of this node, because the specified node is the wrong type."
At C:\Users\jinxu\Documents\GitHub\kunai\test\TestExecutor\ProcessIntegrationResult.ps1:10 char:1
+ [xml]$IntegrationTestResult = Get-Content $testresultfolder$testrepor ...
+ ~~~~~~~~~~~~~~~~~~~~~~~~~~~~~~~~~~~~~~~~~~~~~~~~~~~~~~~~~~~~~~~~~~~~~
    + CategoryInfo          : MetadataError: (:) [], ArgumentTransformationMetadataException
    + FullyQualifiedErrorId : RuntimeException

**************   Reporting *******************
  % Total    % Received % Xferd  Average Speed   Time    Time     Time  Current
                                 Dload  Upload   Total   Spent    Left  Speed
100  2580  100  2580    0     0  15000      0 --:--:-- --:--:-- --:--:-- 15000

Stop ALL running docker containers, and node processes.
Test converage report and server logs are uploaded to Google Drive
  % Total    % Received % Xferd  Average Speed   Time    Time     Time  Current
                                 Dload  Upload   Total   Spent    Left  Speed
100  7268  100  7268    0     0  42255      0 --:--:-- --:--:-- --:--:-- 42255
  % Total    % Received % Xferd  Average Speed   Time    Time     Time  Current
                                 Dload  Upload   Total   Spent    Left  Speed
100  2651  100  2651    0     0  15502      0 --:--:-- --:--:-- --:--:-- 15502
Traceback (most recent call last):
  File "CreateTestOverview.py", line 66, in <module>
    testresult = ET.parse(r'C:\Users\jinxu\Documents\GitHub\kunai\test\result\integrationTest.xml').getroot()
  File "c:\program files\anaconda3\Lib\xml\etree\ElementTree.py", line 1196, in parse
    tree.parse(source, parser)
  File "c:\program files\anaconda3\Lib\xml\etree\ElementTree.py", line 597, in parse
    self._root = parser._parse_whole(source)
xml.etree.ElementTree.ParseError: not well-formed (invalid token): line 69, column 16
usage: UploadLogToGDrive.py [-h] [--auth_host_name AUTH_HOST_NAME]
                            [--noauth_local_webserver]
                            [--auth_host_port [AUTH_HOST_PORT [AUTH_HOST_PORT ...]]]
                            [--logging_level {DEBUG,INFO,WARNING,ERROR,CRITICAL}]
UploadLogToGDrive.py: error: unrecognized arguments: C:\Users\jinxu\Documents\GitHub\kunai\test\Log\Backend.log 1iecekG5Rlnme9rfJ4PWP1KPUh1Kt8JOLIMcJHIeZmvk
usage: UploadLogToGDrive.py [-h] [--auth_host_name AUTH_HOST_NAME]
                            [--noauth_local_webserver]
                            [--auth_host_port [AUTH_HOST_PORT [AUTH_HOST_PORT ...]]]
                            [--logging_level {DEBUG,INFO,WARNING,ERROR,CRITICAL}]
UploadLogToGDrive.py: error: unrecognized arguments: C:\Users\jinxu\Documents\GitHub\kunai\test\Log\Frontend.log 1CmjkWFjPUQZJmEHqgnFhruFMyfR2Gxm8EDGmUKPaMbY
PS C:\Users\jinxu\Documents\GitHub\kunai\test\TestExecutor> .\RunTest.ps1
Stop ALL running docker containers, and node processes.
Download the lastest artifacts, and rebuild the docker images, and restart containers.
Build the latest tests in DEV envionrment
  Restoring packages for C:\Users\jinxu\Documents\GitHub\kunai\dev\itest\test\Publishing.IntegrationTests.Framework\Publishing.IntegrationTests.Framework.csproj...
  Lock file has not changed. Skipping lock file write. Path: C:\Users\jinxu\Documents\GitHub\kunai\dev\itest\test\Publishing.IntegrationTests.Framework\obj\project.assets.json
  Restore completed in 250,36 ms for C:\Users\jinxu\Documents\GitHub\kunai\dev\itest\test\Publishing.IntegrationTests.Framework\Publishing.IntegrationTests.Framework.csproj.

  NuGet Config files used:
      C:\Users\jinxu\AppData\Roaming\NuGet\NuGet.Config
      C:\Program Files (x86)\NuGet\Config\Microsoft.VisualStudio.Offline.config

  Feeds used:
      https://api.nuget.org/v3/index.json
      C:\Program Files (x86)\Microsoft SDKs\NuGetPackages\
Microsoft (R) Build Engine version 15.1.1012.6693
Copyright (C) Microsoft Corporation. All rights reserved.

  Publishing.IntegrationTests.Framework -> C:\Users\jinxu\Documents\GitHub\kunai\dev\itest\test\Publishing.IntegrationTests.Framework\bin\Debug\netstandard1.6\Publishing.Abstractions.dll

Build succeeded.
    0 Warning(s)
    0 Error(s)

Time Elapsed 00:00:00.62
Exeucte all stable testcase, and write the result to an XML file
Remove-Item : Cannot find path 'C:\users\jinxu\Documents\GitHub\kunai\test\Log\integrationTest.xml' because it does not 
exist.
At C:\Users\jinxu\Documents\GitHub\kunai\test\TestExecutor\RunTest.ps1:17 char:1
+ Remove-Item -Force $testreportfolder$testreportname
+ ~~~~~~~~~~~~~~~~~~~~~~~~~~~~~~~~~~~~~~~~~~~~~~~~~~~
    + CategoryInfo          : ObjectNotFound: (C:\users\jinxu\...grationTest.xml:String) [Remove-Item], ItemNotFoundExce
ption
    + FullyQualifiedErrorId : PathNotFound,Microsoft.PowerShell.Commands.RemoveItemCommand
Remove-Item : Cannot find path 'C:\users\jinxu\Documents\GitHub\kunai\test\Log\integrationTest.xml' because it does not exist.
At C:\Users\jinxu\Documents\GitHub\kunai\test\TestExecutor\RunTest.ps1:17 char:1
+ Remove-Item -Force $testreportfolder$testreportname
+ ~~~~~~~~~~~~~~~~~~~~~~~~~~~~~~~~~~~~~~~~~~~~~~~~~~~
    + CategoryInfo          : ObjectNotFound: (C:\users\jinxu\...grationTest.xml:String) [Remove-Item], ItemNotFoundException
    + FullyQualifiedErrorId : PathNotFound,Microsoft.PowerShell.Commands.RemoveItemCommand

  Restoring packages for C:\Users\jinxu\Documents\GitHub\kunai\dev\itest\test\Publishing.Api.IntegrationTest\Publishing.Api.IntegrationTest.csproj...
  Restoring packages for C:\Users\jinxu\Documents\GitHub\kunai\dev\itest\test\Publishing.IntegrationTests.Framework\Publishing.IntegrationTests.Framework.csproj...
  Restoring packages for C:\Users\jinxu\Documents\GitHub\kunai\dev\itest\test\Publishing.Api.IntegrationTest\Publishing.Api.IntegrationTest.csproj...
  Lock file has not changed. Skipping lock file write. Path: C:\Users\jinxu\Documents\GitHub\kunai\dev\itest\test\Publishing.IntegrationTests.Framework\obj\project.assets.json
  Restore completed in 248,5 ms for C:\Users\jinxu\Documents\GitHub\kunai\dev\itest\test\Publishing.IntegrationTests.Framework\Publishing.IntegrationTests.Framework.csproj.
  Lock file has not changed. Skipping lock file write. Path: C:\Users\jinxu\Documents\GitHub\kunai\dev\itest\test\Publishing.Api.IntegrationTest\obj\project.assets.json
  Restore completed in 464,93 ms for C:\Users\jinxu\Documents\GitHub\kunai\dev\itest\test\Publishing.Api.IntegrationTest\Publishing.Api.IntegrationTest.csproj.
  Restore completed in 652,09 ms for C:\Users\jinxu\Documents\GitHub\kunai\dev\itest\test\Publishing.Api.IntegrationTest\Publishing.Api.IntegrationTest.csproj.

  NuGet Config files used:
      C:\Users\jinxu\AppData\Roaming\NuGet\NuGet.Config
      C:\Program Files (x86)\NuGet\Config\Microsoft.VisualStudio.Offline.config

  Feeds used:
      https://api.nuget.org/v3/index.json
      C:\Program Files (x86)\Microsoft SDKs\NuGetPackages\
Microsoft (R) Build Engine version 15.1.1012.6693
Copyright (C) Microsoft Corporation. All rights reserved.

  Publishing.IntegrationTests.Framework -> C:\Users\jinxu\Documents\GitHub\kunai\dev\itest\test\Publishing.IntegrationTests.Framework\bin\Debug\netstandard1.6\Publishing.Abstractions.dll
  Publishing.Api.IntegrationTest -> C:\Users\jinxu\Documents\GitHub\kunai\dev\itest\test\Publishing.Api.IntegrationTest\bin\Debug\netcoreapp1.1\Publishing.Api.IntegrationTest.dll

Build succeeded.
    0 Warning(s)
    0 Error(s)

Time Elapsed 00:00:01.61
Detecting target frameworks in Publishing.Api.IntegrationTest.csproj...
Building for framework netcoreapp1.1...
  Publishing.IntegrationTests.Framework -> C:\Users\jinxu\Documents\GitHub\kunai\dev\itest\test\Publishing.IntegrationTests.Framework\bin\Debug\netstandard1.6\Publishing.Abstractions.dll
  Publishing.Api.IntegrationTest -> C:\Users\jinxu\Documents\GitHub\kunai\dev\itest\test\Publishing.Api.IntegrationTest\bin\Debug\netcoreapp1.1\Publishing.Api.IntegrationTest.dll
Running .NET Core tests for framework netcoreapp1.1...
xUnit.net Console Runner (64-bit .NET Core 4.6.25211.01)
  Discovering: Publishing.Api.IntegrationTest
  Discovered:  Publishing.Api.IntegrationTest
  Starting:    Publishing.Api.IntegrationTest
    Unity.Publishing.Api.IntegrationTest.ApiVersionsIntegrationTest.GetAccessAPIWithFilterTest
offset:integer
count:integer
http://localhost:6002/api/versions?offset lt 510204386 & count lt 510204386
    Unity.Publishing.Api.IntegrationTest.ApiVersionsIntegrationTest.CheckMethodsTest
    Unity.Publishing.Api.IntegrationTest.ApiVersionsIntegrationTest.GetAccessAPITest
    Unity.Publishing.Api.IntegrationTest.RestAPITest.InvalidApiKeyTest
    Unity.Publishing.Api.IntegrationTest.RestAPITest.EndpointCheck
    Unity.Publishing.Api.IntegrationTest.ApiJobsIntegrationTest.CheckMethodsTest
    Unity.Publishing.Api.IntegrationTest.ApiJobsIntegrationTest.JobsContentsTest
    Unity.Publishing.Api.IntegrationTest.ApiJobsIntegrationTest.TriggerJobTest
    Unity.Publishing.Api.IntegrationTest.ApiJobsIntegrationTest.JobDataModelTest
    Unity.Publishing.Api.IntegrationTest.ApiReleaseTracksIntegrationTest.CreateNewReleaseTrackTest
    Unity.Publishing.Api.IntegrationTest.ApiReleaseTracksIntegrationTest.GetAccessAPITest
    Unity.Publishing.Api.IntegrationTest.ApiReleaseTracksIntegrationTest.UpdateReleaseTrackTest
    Unity.Publishing.Api.IntegrationTest.ApiReleaseTracksIntegrationTest.UpdateReleaseTrackTest [FAIL]
      message: Expected object to be OK because /api/releasetracks/branchupdate should return code OK, but found InternalServerError.;
      Expected object to be OK because /api/releasetracks/branchcheck should return code OK, but found InternalServerError.
      Expected: True
      Actual:   False
      Stack Trace:
        C:\Users\jinxu\Documents\GitHub\kunai\dev\itest\test\Publishing.Api.IntegrationTest\ApiIntegrationTestBase.cs(105,0): at Unity.Publishing.Api.IntegrationTest.ApiIntegrationTestBase.AssertTestcase(List`1 errmsgs)
        C:\Users\jinxu\Documents\GitHub\kunai\dev\itest\test\Publishing.Api.IntegrationTest\ApiReleaseTracksIntegrationTest.cs(379,0): at Unity.Publishing.Api.IntegrationTest.ApiReleaseTracksIntegrationTest.UpdateReleaseTrackTest()
    Unity.Publishing.Api.IntegrationTest.ApiReleaseTracksIntegrationTest.CheckMethodsTest
    Unity.Publishing.Api.IntegrationTest.ApiReleaseTracksIntegrationTest.AccessReleaseTrackIDTest
    Unity.Publishing.Api.IntegrationTest.ApiReleaseTracksIntegrationTest.PostDataModelTest
    Unity.Publishing.Api.IntegrationTest.ApiBuildsIntegrationTest.GetAccessAPITest
    Unity.Publishing.Api.IntegrationTest.ApiBuildsIntegrationTest.BuildsWithKatanaTest
    Unity.Publishing.Api.IntegrationTest.ApiBuildsIntegrationTest.BuildsWithKatanaTest [FAIL]
      System.Exception : InternalServerError is unexpected
      Stack Trace:
        C:\Users\jinxu\Documents\GitHub\kunai\dev\itest\test\Publishing.IntegrationTests.Framework\RestClient.cs(198,0): at Unity.Publishing.IntegrationTests.Framework.RestClient.CreateReleaseTrack(String name, String[] branchname, String url)
        C:\Users\jinxu\Documents\GitHub\kunai\dev\itest\test\Publishing.Api.IntegrationTest\ApiBuildsIntegrationTest.cs(259,0): at Unity.Publishing.Api.IntegrationTest.ApiBuildsIntegrationTest.BuildsWithKatanaTest()
    Unity.Publishing.Api.IntegrationTest.ApiBuildsIntegrationTest.CheckMethodsTest
    Unity.Publishing.Api.IntegrationTest.ApiBuildsIntegrationTest.PromoteBuildTest
    Unity.Publishing.Api.IntegrationTest.ApiBuildsIntegrationTest.GetAccessAPIWithIdTest
  Finished:    Publishing.Api.IntegrationTest
=== TEST EXECUTION SUMMARY ===
   Publishing.Api.IntegrationTest  Total: 20, Errors: 0, Failed: 2, Skipped: 0, Time: 8,160s
Parse the test report, and send the Error message to Slack channel
**************   Reporting *******************
  % Total    % Received % Xferd  Average Speed   Time    Time     Time  Current
                                 Dload  Upload   Total   Spent    Left  Speed
100  2580  100  2580    0     0  27446      0 --:--:-- --:--:-- --:--:-- 27446

  % Total    % Received % Xferd  Average Speed   Time    Time     Time  Current
                                 Dload  Upload   Total   Spent    Left  Speed
100  2926  100  2926    0     0  47193      0 --:--:-- --:--:-- --:--:-- 47193

You cannot call a method on a null-valued expression.
At C:\Users\jinxu\Documents\GitHub\kunai\test\TestExecutor\ProcessIntegrationResult.ps1:59 char:14
+ ...        if ( $olderror.Testcase.Contains($TestcaseFullPath) -and $olde ...
+                 ~~~~~~~~~~~~~~~~~~~~~~~~~~~~~~~~~~~~~~~~~~~~~~~~~~~~~~~~~
    + CategoryInfo          : InvalidOperation: (:) [], RuntimeException
    + FullyQualifiedErrorId : InvokeMethodOnNull
You cannot call a method on a null-valued expression.
At C:\Users\jinxu\Documents\GitHub\kunai\test\TestExecutor\ProcessIntegrationResult.ps1:59 char:14
+ ...        if ( $olderror.Testcase.Contains($TestcaseFullPath) -and $olde ...
+                 ~~~~~~~~~~~~~~~~~~~~~~~~~~~~~~~~~~~~~~~~~~~~~~~~~~~~~~~~~
    + CategoryInfo          : InvalidOperation: (:) [], RuntimeException
    + FullyQualifiedErrorId : InvokeMethodOnNull

  % Total    % Received % Xferd  Average Speed   Time    Time     Time  Current
                                 Dload  Upload   Total   Spent    Left  Speed
100   772  100   772    0     0   3802      0 --:--:-- --:--:-- --:--:--  3802
  File ".\SendErrorToSlack.py", line 1
    404: Not Found
                 ^
SyntaxError: invalid syntax
  % Total    % Received % Xferd  Average Speed   Time    Time     Time  Current
                                 Dload  Upload   Total   Spent    Left  Speed
100  2926  100  2926    0     0  37512      0 --:--:-- --:--:-- --:--:-- 37512

You cannot call a method on a null-valued expression.
At C:\Users\jinxu\Documents\GitHub\kunai\test\TestExecutor\ProcessIntegrationResult.ps1:59 char:14
+ ...        if ( $olderror.Testcase.Contains($TestcaseFullPath) -and $olde ...
+                 ~~~~~~~~~~~~~~~~~~~~~~~~~~~~~~~~~~~~~~~~~~~~~~~~~~~~~~~~~
    + CategoryInfo          : InvalidOperation: (:) [], RuntimeException
    + FullyQualifiedErrorId : InvokeMethodOnNull
You cannot call a method on a null-valued expression.
At C:\Users\jinxu\Documents\GitHub\kunai\test\TestExecutor\ProcessIntegrationResult.ps1:59 char:14
+ ...        if ( $olderror.Testcase.Contains($TestcaseFullPath) -and $olde ...
+                 ~~~~~~~~~~~~~~~~~~~~~~~~~~~~~~~~~~~~~~~~~~~~~~~~~~~~~~~~~
    + CategoryInfo          : InvalidOperation: (:) [], RuntimeException
    + FullyQualifiedErrorId : InvokeMethodOnNull

  % Total    % Received % Xferd  Average Speed   Time    Time     Time  Current
                                 Dload  Upload   Total   Spent    Left  Speed
100   772  100   772    0     0   9897      0 --:--:-- --:--:-- --:--:--  9897
  File ".\SendErrorToSlack.py", line 1
    404: Not Found
                 ^
SyntaxError: invalid syntax
Stop ALL running docker containers, and node processes.
Test converage report and server logs are uploaded to Google Drive
  % Total    % Received % Xferd  Average Speed   Time    Time     Time  Current
                                 Dload  Upload   Total   Spent    Left  Speed
100  7268  100  7268    0     0  92000      0 --:--:-- --:--:-- --:--:-- 92000
  % Total    % Received % Xferd  Average Speed   Time    Time     Time  Current
                                 Dload  Upload   Total   Spent    Left  Speed
100  2651  100  2651    0     0  33987      0 --:--:-- --:--:-- --:--:-- 33987

usage: UploadLogToGDrive.py [-h] [--auth_host_name AUTH_HOST_NAME]
                            [--noauth_local_webserver]
                            [--auth_host_port [AUTH_HOST_PORT [AUTH_HOST_PORT ...]]]
                            [--logging_level {DEBUG,INFO,WARNING,ERROR,CRITICAL}]
UploadLogToGDrive.py: error: unrecognized arguments: C:\Users\jinxu\Documents\GitHub\kunai\test\Log\Backend.log 1iecekG5Rlnme9rfJ4PWP1KPUh1Kt8JOLIMcJHIeZmvk
usage: UploadLogToGDrive.py [-h] [--auth_host_name AUTH_HOST_NAME]
                            [--noauth_local_webserver]
                            [--auth_host_port [AUTH_HOST_PORT [AUTH_HOST_PORT ...]]]
                            [--logging_level {DEBUG,INFO,WARNING,ERROR,CRITICAL}]
UploadLogToGDrive.py: error: unrecognized arguments: C:\Users\jinxu\Documents\GitHub\kunai\test\Log\Frontend.log 1CmjkWFjPUQZJmEHqgnFhruFMyfR2Gxm8EDGmUKPaMbY
PS C:\Users\jinxu\Documents\GitHub\kunai\test\TestExecutor> .\RunTest.ps1
Stop ALL running docker containers, and node processes.
Download the lastest artifacts, and rebuild the docker images, and restart containers.
Build the latest tests in DEV envionrment
  Restoring packages for C:\Users\jinxu\Documents\GitHub\kunai\dev\itest\test\Publishing.IntegrationTests.Framework\Publishing.IntegrationTests.Framework.csproj...
  Lock file has not changed. Skipping lock file write. Path: C:\Users\jinxu\Documents\GitHub\kunai\dev\itest\test\Publishing.IntegrationTests.Framework\obj\project.assets.json
  Restore completed in 230,71 ms for C:\Users\jinxu\Documents\GitHub\kunai\dev\itest\test\Publishing.IntegrationTests.Framework\Publishing.IntegrationTests.Framework.csproj.

  NuGet Config files used:
      C:\Users\jinxu\AppData\Roaming\NuGet\NuGet.Config
      C:\Program Files (x86)\NuGet\Config\Microsoft.VisualStudio.Offline.config

  Feeds used:
      https://api.nuget.org/v3/index.json
      C:\Program Files (x86)\Microsoft SDKs\NuGetPackages\
Microsoft (R) Build Engine version 15.1.1012.6693
Copyright (C) Microsoft Corporation. All rights reserved.

  Publishing.IntegrationTests.Framework -> C:\Users\jinxu\Documents\GitHub\kunai\dev\itest\test\Publishing.IntegrationTests.Framework\bin\Debug\netstandard1.6\Publishing.Abstractions.dll

Build succeeded.
    0 Warning(s)
    0 Error(s)

Time Elapsed 00:00:00.58
Exeucte all stable testcase, and write the result to an XML file
Remove-Item : Cannot find path 'C:\users\jinxu\Documents\GitHub\kunai\test\Log\integrationTest.xml' because it does not 
exist.
At C:\Users\jinxu\Documents\GitHub\kunai\test\TestExecutor\RunTest.ps1:17 char:1
+ Remove-Item -Force $testreportfolder$testreportname
+ ~~~~~~~~~~~~~~~~~~~~~~~~~~~~~~~~~~~~~~~~~~~~~~~~~~~
    + CategoryInfo          : ObjectNotFound: (C:\users\jinxu\...grationTest.xml:String) [Remove-Item], ItemNotFoundExce
ption
    + FullyQualifiedErrorId : PathNotFound,Microsoft.PowerShell.Commands.RemoveItemCommand
Remove-Item : Cannot find path 'C:\users\jinxu\Documents\GitHub\kunai\test\Log\integrationTest.xml' because it does not exist.
At C:\Users\jinxu\Documents\GitHub\kunai\test\TestExecutor\RunTest.ps1:17 char:1
+ Remove-Item -Force $testreportfolder$testreportname
+ ~~~~~~~~~~~~~~~~~~~~~~~~~~~~~~~~~~~~~~~~~~~~~~~~~~~
    + CategoryInfo          : ObjectNotFound: (C:\users\jinxu\...grationTest.xml:String) [Remove-Item], ItemNotFoundException
    + FullyQualifiedErrorId : PathNotFound,Microsoft.PowerShell.Commands.RemoveItemCommand

  Restoring packages for C:\Users\jinxu\Documents\GitHub\kunai\dev\itest\test\Publishing.Api.IntegrationTest\Publishing.Api.IntegrationTest.csproj...
  Restoring packages for C:\Users\jinxu\Documents\GitHub\kunai\dev\itest\test\Publishing.IntegrationTests.Framework\Publishing.IntegrationTests.Framework.csproj...
  Restoring packages for C:\Users\jinxu\Documents\GitHub\kunai\dev\itest\test\Publishing.Api.IntegrationTest\Publishing.Api.IntegrationTest.csproj...
  Lock file has not changed. Skipping lock file write. Path: C:\Users\jinxu\Documents\GitHub\kunai\dev\itest\test\Publishing.IntegrationTests.Framework\obj\project.assets.json
  Restore completed in 228,48 ms for C:\Users\jinxu\Documents\GitHub\kunai\dev\itest\test\Publishing.IntegrationTests.Framework\Publishing.IntegrationTests.Framework.csproj.
  Lock file has not changed. Skipping lock file write. Path: C:\Users\jinxu\Documents\GitHub\kunai\dev\itest\test\Publishing.Api.IntegrationTest\obj\project.assets.json
  Restore completed in 466,49 ms for C:\Users\jinxu\Documents\GitHub\kunai\dev\itest\test\Publishing.Api.IntegrationTest\Publishing.Api.IntegrationTest.csproj.
  Restore completed in 629,28 ms for C:\Users\jinxu\Documents\GitHub\kunai\dev\itest\test\Publishing.Api.IntegrationTest\Publishing.Api.IntegrationTest.csproj.

  NuGet Config files used:
      C:\Users\jinxu\AppData\Roaming\NuGet\NuGet.Config
      C:\Program Files (x86)\NuGet\Config\Microsoft.VisualStudio.Offline.config

  Feeds used:
      https://api.nuget.org/v3/index.json
      C:\Program Files (x86)\Microsoft SDKs\NuGetPackages\
Microsoft (R) Build Engine version 15.1.1012.6693
Copyright (C) Microsoft Corporation. All rights reserved.

  Publishing.IntegrationTests.Framework -> C:\Users\jinxu\Documents\GitHub\kunai\dev\itest\test\Publishing.IntegrationTests.Framework\bin\Debug\netstandard1.6\Publishing.Abstractions.dll
  Publishing.Api.IntegrationTest -> C:\Users\jinxu\Documents\GitHub\kunai\dev\itest\test\Publishing.Api.IntegrationTest\bin\Debug\netcoreapp1.1\Publishing.Api.IntegrationTest.dll

Build succeeded.
    0 Warning(s)
    0 Error(s)

Time Elapsed 00:00:01.47
Detecting target frameworks in Publishing.Api.IntegrationTest.csproj...
Building for framework netcoreapp1.1...
  Publishing.IntegrationTests.Framework -> C:\Users\jinxu\Documents\GitHub\kunai\dev\itest\test\Publishing.IntegrationTests.Framework\bin\Debug\netstandard1.6\Publishing.Abstractions.dll
  Publishing.Api.IntegrationTest -> C:\Users\jinxu\Documents\GitHub\kunai\dev\itest\test\Publishing.Api.IntegrationTest\bin\Debug\netcoreapp1.1\Publishing.Api.IntegrationTest.dll
Running .NET Core tests for framework netcoreapp1.1...
xUnit.net Console Runner (64-bit .NET Core 4.6.25211.01)
  Discovering: Publishing.Api.IntegrationTest
  Discovered:  Publishing.Api.IntegrationTest
  Starting:    Publishing.Api.IntegrationTest
    Unity.Publishing.Api.IntegrationTest.RestAPITest.InvalidApiKeyTest
    Unity.Publishing.Api.IntegrationTest.RestAPITest.EndpointCheck
    Unity.Publishing.Api.IntegrationTest.ApiBuildsIntegrationTest.GetAccessAPITest
    Unity.Publishing.Api.IntegrationTest.ApiBuildsIntegrationTest.BuildsWithKatanaTest
    Unity.Publishing.Api.IntegrationTest.ApiBuildsIntegrationTest.BuildsWithKatanaTest [FAIL]
      System.Exception : InternalServerError is unexpected
      Stack Trace:
        C:\Users\jinxu\Documents\GitHub\kunai\dev\itest\test\Publishing.IntegrationTests.Framework\RestClient.cs(198,0): at Unity.Publishing.IntegrationTests.Framework.RestClient.CreateReleaseTrack(String name, String[] branchname, String url)
        C:\Users\jinxu\Documents\GitHub\kunai\dev\itest\test\Publishing.Api.IntegrationTest\ApiBuildsIntegrationTest.cs(259,0): at Unity.Publishing.Api.IntegrationTest.ApiBuildsIntegrationTest.BuildsWithKatanaTest()
    Unity.Publishing.Api.IntegrationTest.ApiBuildsIntegrationTest.CheckMethodsTest
    Unity.Publishing.Api.IntegrationTest.ApiBuildsIntegrationTest.PromoteBuildTest
    Unity.Publishing.Api.IntegrationTest.ApiBuildsIntegrationTest.GetAccessAPIWithIdTest
    Unity.Publishing.Api.IntegrationTest.ApiJobsIntegrationTest.CheckMethodsTest
    Unity.Publishing.Api.IntegrationTest.ApiJobsIntegrationTest.JobsContentsTest
    Unity.Publishing.Api.IntegrationTest.ApiJobsIntegrationTest.TriggerJobTest
    Unity.Publishing.Api.IntegrationTest.ApiJobsIntegrationTest.JobDataModelTest
    Unity.Publishing.Api.IntegrationTest.ApiReleaseTracksIntegrationTest.CreateNewReleaseTrackTest
    Unity.Publishing.Api.IntegrationTest.ApiReleaseTracksIntegrationTest.GetAccessAPITest
    Unity.Publishing.Api.IntegrationTest.ApiReleaseTracksIntegrationTest.UpdateReleaseTrackTest
    Unity.Publishing.Api.IntegrationTest.ApiReleaseTracksIntegrationTest.UpdateReleaseTrackTest [FAIL]
      message: Expected object to be OK because /api/releasetracks/branchupdate should return code OK, but found InternalServerError.;
      Expected object to be OK because /api/releasetracks/branchcheck should return code OK, but found InternalServerError.
      Expected: True
      Actual:   False
      Stack Trace:
        C:\Users\jinxu\Documents\GitHub\kunai\dev\itest\test\Publishing.Api.IntegrationTest\ApiIntegrationTestBase.cs(105,0): at Unity.Publishing.Api.IntegrationTest.ApiIntegrationTestBase.AssertTestcase(List`1 errmsgs)
        C:\Users\jinxu\Documents\GitHub\kunai\dev\itest\test\Publishing.Api.IntegrationTest\ApiReleaseTracksIntegrationTest.cs(379,0): at Unity.Publishing.Api.IntegrationTest.ApiReleaseTracksIntegrationTest.UpdateReleaseTrackTest()
    Unity.Publishing.Api.IntegrationTest.ApiReleaseTracksIntegrationTest.CheckMethodsTest
    Unity.Publishing.Api.IntegrationTest.ApiReleaseTracksIntegrationTest.AccessReleaseTrackIDTest
    Unity.Publishing.Api.IntegrationTest.ApiReleaseTracksIntegrationTest.PostDataModelTest
    Unity.Publishing.Api.IntegrationTest.ApiVersionsIntegrationTest.GetAccessAPIWithFilterTest
offset:integer
count:integer
http://localhost:6002/api/versions?offset ge 1865378547 & count ge 1865378547
    Unity.Publishing.Api.IntegrationTest.ApiVersionsIntegrationTest.CheckMethodsTest
    Unity.Publishing.Api.IntegrationTest.ApiVersionsIntegrationTest.GetAccessAPITest
  Finished:    Publishing.Api.IntegrationTest
=== TEST EXECUTION SUMMARY ===
   Publishing.Api.IntegrationTest  Total: 20, Errors: 0, Failed: 2, Skipped: 0, Time: 8,422s
Parse the test report, and send the Error message to Slack channel
**************   Reporting *******************
  % Total    % Received % Xferd  Average Speed   Time    Time     Time  Current
                                 Dload  Upload   Total   Spent    Left  Speed
100  2580  100  2580    0     0  12709      0 --:--:-- --:--:-- --:--:-- 12709

  % Total    % Received % Xferd  Average Speed   Time    Time     Time  Current
                                 Dload  Upload   Total   Spent    Left  Speed
100  2926  100  2926    0     0  17111      0 --:--:-- --:--:-- --:--:-- 17111

  % Total    % Received % Xferd  Average Speed   Time    Time     Time  Current
                                 Dload  Upload   Total   Spent    Left  Speed
100  2926  100  2926    0     0  46444      0 --:--:-- --:--:-- --:--:-- 46444

Stop ALL running docker containers, and node processes.
Test converage report and server logs are uploaded to Google Drive
  % Total    % Received % Xferd  Average Speed   Time    Time     Time  Current
                                 Dload  Upload   Total   Spent    Left  Speed
100  7268  100  7268    0     0  35802      0 --:--:-- --:--:-- --:--:-- 35802
  % Total    % Received % Xferd  Average Speed   Time    Time     Time  Current
                                 Dload  Upload   Total   Spent    Left  Speed
100  2825  100  2825    0     0  13916      0 --:--:-- --:--:-- --:--:-- 13916

usage: UploadLogToGDrive.py [-h] [--auth_host_name AUTH_HOST_NAME]
                            [--noauth_local_webserver]
                            [--auth_host_port [AUTH_HOST_PORT [AUTH_HOST_PORT ...]]]
                            [--logging_level {DEBUG,INFO,WARNING,ERROR,CRITICAL}]
UploadLogToGDrive.py: error: unrecognized arguments: C:\Users\jinxu\Documents\GitHub\kunai\test\Log\Backend.log 1iecekG5Rlnme9rfJ4PWP1KPUh1Kt8JOLIMcJHIeZmvk
usage: UploadLogToGDrive.py [-h] [--auth_host_name AUTH_HOST_NAME]
                            [--noauth_local_webserver]
                            [--auth_host_port [AUTH_HOST_PORT [AUTH_HOST_PORT ...]]]
                            [--logging_level {DEBUG,INFO,WARNING,ERROR,CRITICAL}]
UploadLogToGDrive.py: error: unrecognized arguments: C:\Users\jinxu\Documents\GitHub\kunai\test\Log\Frontend.log 1CmjkWFjPUQZJmEHqgnFhruFMyfR2Gxm8EDGmUKPaMbY
PS C:\Users\jinxu\Documents\GitHub\kunai\test\TestExecutor> .\RunTest.ps1
Stop ALL running docker containers, and node processes.
Download the lastest artifacts, and rebuild the docker images, and restart containers.
Build the latest tests in DEV envionrment
  Restoring packages for C:\Users\jinxu\Documents\GitHub\kunai\dev\itest\test\Publishing.IntegrationTests.Framework\Publishing.IntegrationTests.Framework.csproj...
  Lock file has not changed. Skipping lock file write. Path: C:\Users\jinxu\Documents\GitHub\kunai\dev\itest\test\Publishing.IntegrationTests.Framework\obj\project.assets.json
  Restore completed in 266,53 ms for C:\Users\jinxu\Documents\GitHub\kunai\dev\itest\test\Publishing.IntegrationTests.Framework\Publishing.IntegrationTests.Framework.csproj.

  NuGet Config files used:
      C:\Users\jinxu\AppData\Roaming\NuGet\NuGet.Config
      C:\Program Files (x86)\NuGet\Config\Microsoft.VisualStudio.Offline.config

  Feeds used:
      https://api.nuget.org/v3/index.json
      C:\Program Files (x86)\Microsoft SDKs\NuGetPackages\
Microsoft (R) Build Engine version 15.1.1012.6693
Copyright (C) Microsoft Corporation. All rights reserved.

  Publishing.IntegrationTests.Framework -> C:\Users\jinxu\Documents\GitHub\kunai\dev\itest\test\Publishing.IntegrationTests.Framework\bin\Debug\netstandard1.6\Publishing.Abstractions.dll

Build succeeded.
    0 Warning(s)
    0 Error(s)

Time Elapsed 00:00:00.63
Exeucte all stable testcase, and write the result to an XML file
Remove-Item : Cannot find path 'C:\Users\jinxu\Documents\GitHub\kunai\test\result\integrationTest.xml' because it does n
ot exist.
At C:\Users\jinxu\Documents\GitHub\kunai\test\TestExecutor\RunTest.ps1:17 char:1
+ Remove-Item -Force $testresultfolder$testresultname
+ ~~~~~~~~~~~~~~~~~~~~~~~~~~~~~~~~~~~~~~~~~~~~~~~~~~~
    + CategoryInfo          : ObjectNotFound: (C:\Users\jinxu\...grationTest.xml:String) [Remove-Item], ItemNotFoundExce
ption
    + FullyQualifiedErrorId : PathNotFound,Microsoft.PowerShell.Commands.RemoveItemCommand
Remove-Item : Cannot find path 'C:\Users\jinxu\Documents\GitHub\kunai\test\result\integrationTest.xml' because it does not exist.
At C:\Users\jinxu\Documents\GitHub\kunai\test\TestExecutor\RunTest.ps1:17 char:1
+ Remove-Item -Force $testresultfolder$testresultname
+ ~~~~~~~~~~~~~~~~~~~~~~~~~~~~~~~~~~~~~~~~~~~~~~~~~~~
    + CategoryInfo          : ObjectNotFound: (C:\Users\jinxu\...grationTest.xml:String) [Remove-Item], ItemNotFoundException
    + FullyQualifiedErrorId : PathNotFound,Microsoft.PowerShell.Commands.RemoveItemCommand

  Restoring packages for C:\Users\jinxu\Documents\GitHub\kunai\dev\itest\test\Publishing.Api.IntegrationTest\Publishing.Api.IntegrationTest.csproj...
  Restoring packages for C:\Users\jinxu\Documents\GitHub\kunai\dev\itest\test\Publishing.Api.IntegrationTest\Publishing.Api.IntegrationTest.csproj...
  Restoring packages for C:\Users\jinxu\Documents\GitHub\kunai\dev\itest\test\Publishing.IntegrationTests.Framework\Publishing.IntegrationTests.Framework.csproj...
  Lock file has not changed. Skipping lock file write. Path: C:\Users\jinxu\Documents\GitHub\kunai\dev\itest\test\Publishing.IntegrationTests.Framework\obj\project.assets.json
  Restore completed in 271,02 ms for C:\Users\jinxu\Documents\GitHub\kunai\dev\itest\test\Publishing.IntegrationTests.Framework\Publishing.IntegrationTests.Framework.csproj.
  Lock file has not changed. Skipping lock file write. Path: C:\Users\jinxu\Documents\GitHub\kunai\dev\itest\test\Publishing.Api.IntegrationTest\obj\project.assets.json
  Restore completed in 480,07 ms for C:\Users\jinxu\Documents\GitHub\kunai\dev\itest\test\Publishing.Api.IntegrationTest\Publishing.Api.IntegrationTest.csproj.
  Restore completed in 647,58 ms for C:\Users\jinxu\Documents\GitHub\kunai\dev\itest\test\Publishing.Api.IntegrationTest\Publishing.Api.IntegrationTest.csproj.

  NuGet Config files used:
      C:\Users\jinxu\AppData\Roaming\NuGet\NuGet.Config
      C:\Program Files (x86)\NuGet\Config\Microsoft.VisualStudio.Offline.config

  Feeds used:
      https://api.nuget.org/v3/index.json
      C:\Program Files (x86)\Microsoft SDKs\NuGetPackages\
Microsoft (R) Build Engine version 15.1.1012.6693
Copyright (C) Microsoft Corporation. All rights reserved.

  Publishing.IntegrationTests.Framework -> C:\Users\jinxu\Documents\GitHub\kunai\dev\itest\test\Publishing.IntegrationTests.Framework\bin\Debug\netstandard1.6\Publishing.Abstractions.dll
  Publishing.Api.IntegrationTest -> C:\Users\jinxu\Documents\GitHub\kunai\dev\itest\test\Publishing.Api.IntegrationTest\bin\Debug\netcoreapp1.1\Publishing.Api.IntegrationTest.dll

Build succeeded.
    0 Warning(s)
    0 Error(s)

Time Elapsed 00:00:01.71
Detecting target frameworks in Publishing.Api.IntegrationTest.csproj...
Building for framework netcoreapp1.1...
  Publishing.IntegrationTests.Framework -> C:\Users\jinxu\Documents\GitHub\kunai\dev\itest\test\Publishing.IntegrationTests.Framework\bin\Debug\netstandard1.6\Publishing.Abstractions.dll
  Publishing.Api.IntegrationTest -> C:\Users\jinxu\Documents\GitHub\kunai\dev\itest\test\Publishing.Api.IntegrationTest\bin\Debug\netcoreapp1.1\Publishing.Api.IntegrationTest.dll
Running .NET Core tests for framework netcoreapp1.1...
xUnit.net Console Runner (64-bit .NET Core 4.6.25211.01)
  Discovering: Publishing.Api.IntegrationTest
  Discovered:  Publishing.Api.IntegrationTest
  Starting:    Publishing.Api.IntegrationTest
    Unity.Publishing.Api.IntegrationTest.RestAPITest.InvalidApiKeyTest
    Unity.Publishing.Api.IntegrationTest.RestAPITest.EndpointCheck
    Unity.Publishing.Api.IntegrationTest.ApiJobsIntegrationTest.CheckMethodsTest
    Unity.Publishing.Api.IntegrationTest.ApiJobsIntegrationTest.JobsContentsTest
    Unity.Publishing.Api.IntegrationTest.ApiJobsIntegrationTest.TriggerJobTest
    Unity.Publishing.Api.IntegrationTest.ApiJobsIntegrationTest.JobDataModelTest
    Unity.Publishing.Api.IntegrationTest.ApiVersionsIntegrationTest.GetAccessAPIWithFilterTest
offset:integer
count:integer
http://localhost:6002/api/versions?offset lt 618636769 & count lt 618636769
    Unity.Publishing.Api.IntegrationTest.ApiVersionsIntegrationTest.CheckMethodsTest
    Unity.Publishing.Api.IntegrationTest.ApiVersionsIntegrationTest.GetAccessAPITest
    Unity.Publishing.Api.IntegrationTest.ApiReleaseTracksIntegrationTest.CreateNewReleaseTrackTest
    Unity.Publishing.Api.IntegrationTest.ApiReleaseTracksIntegrationTest.GetAccessAPITest
    Unity.Publishing.Api.IntegrationTest.ApiReleaseTracksIntegrationTest.UpdateReleaseTrackTest
    Unity.Publishing.Api.IntegrationTest.ApiReleaseTracksIntegrationTest.UpdateReleaseTrackTest [FAIL]
      message: Expected object to be OK because /api/releasetracks/branchupdate should return code OK, but found InternalServerError.;
      Expected object to be OK because /api/releasetracks/branchcheck should return code OK, but found InternalServerError.
      Expected: True
      Actual:   False
      Stack Trace:
        C:\Users\jinxu\Documents\GitHub\kunai\dev\itest\test\Publishing.Api.IntegrationTest\ApiIntegrationTestBase.cs(105,0): at Unity.Publishing.Api.IntegrationTest.ApiIntegrationTestBase.AssertTestcase(List`1 errmsgs)
        C:\Users\jinxu\Documents\GitHub\kunai\dev\itest\test\Publishing.Api.IntegrationTest\ApiReleaseTracksIntegrationTest.cs(379,0): at Unity.Publishing.Api.IntegrationTest.ApiReleaseTracksIntegrationTest.UpdateReleaseTrackTest()
    Unity.Publishing.Api.IntegrationTest.ApiReleaseTracksIntegrationTest.CheckMethodsTest
    Unity.Publishing.Api.IntegrationTest.ApiReleaseTracksIntegrationTest.AccessReleaseTrackIDTest
    Unity.Publishing.Api.IntegrationTest.ApiReleaseTracksIntegrationTest.PostDataModelTest
    Unity.Publishing.Api.IntegrationTest.ApiBuildsIntegrationTest.GetAccessAPITest
    Unity.Publishing.Api.IntegrationTest.ApiBuildsIntegrationTest.BuildsWithKatanaTest
    Unity.Publishing.Api.IntegrationTest.ApiBuildsIntegrationTest.CheckMethodsTest
    Unity.Publishing.Api.IntegrationTest.ApiBuildsIntegrationTest.PromoteBuildTest
    Unity.Publishing.Api.IntegrationTest.ApiBuildsIntegrationTest.GetAccessAPIWithIdTest
  Finished:    Publishing.Api.IntegrationTest
=== TEST EXECUTION SUMMARY ===
   Publishing.Api.IntegrationTest  Total: 20, Errors: 0, Failed: 1, Skipped: 0, Time: 8,288s
Parse the test report, and send the Error message to Slack channel
Get-Content : Could not find a part of the path 'C:\Users\jinxu\Documents\GitHub\kunai\test\result\'.
At C:\Users\jinxu\Documents\GitHub\kunai\test\TestExecutor\ProcessIntegrationResult.ps1:10 char:31
+ ... $IntegrationTestResult = Get-Content $testresultfolder$testreportname
+                              ~~~~~~~~~~~~~~~~~~~~~~~~~~~~~~~~~~~~~~~~~~~~
    + CategoryInfo          : ObjectNotFound: (C:\Users\jinxu\...ai\test\result\:String) [Get-Content], DirectoryNotFoun
dException
    + FullyQualifiedErrorId : GetContentReaderDirectoryNotFoundError,Microsoft.PowerShell.Commands.GetContentCommand
Get-Content : Could not find a part of the path 'C:\Users\jinxu\Documents\GitHub\kunai\test\result\'.
At C:\Users\jinxu\Documents\GitHub\kunai\test\TestExecutor\ProcessIntegrationResult.ps1:10 char:31
+ ... $IntegrationTestResult = Get-Content $testresultfolder$testreportname
+                              ~~~~~~~~~~~~~~~~~~~~~~~~~~~~~~~~~~~~~~~~~~~~
    + CategoryInfo          : ObjectNotFound: (C:\Users\jinxu\...ai\test\result\:String) [Get-Content], DirectoryNotFoundException
    + FullyQualifiedErrorId : GetContentReaderDirectoryNotFoundError,Microsoft.PowerShell.Commands.GetContentCommand

**************   Reporting *******************
  % Total    % Received % Xferd  Average Speed   Time    Time     Time  Current
                                 Dload  Upload   Total   Spent    Left  Speed
100  2580  100  2580    0     0  11025      0 --:--:-- --:--:-- --:--:-- 11025

Stop ALL running docker containers, and node processes.
Test converage report and server logs are uploaded to Google Drive
  % Total    % Received % Xferd  Average Speed   Time    Time     Time  Current
                                 Dload  Upload   Total   Spent    Left  Speed
100  7268  100  7268    0     0  35802      0 --:--:-- --:--:-- --:--:-- 35802
  % Total    % Received % Xferd  Average Speed   Time    Time     Time  Current
                                 Dload  Upload   Total   Spent    Left  Speed
100  2828  100  2828    0     0  15122      0 --:--:-- --:--:-- --:--:-- 15122



PS C:\Users\jinxu\Documents\GitHub\kunai\test\TestExecutor> .\RunTest.ps1
Stop ALL running docker containers, and node processes.
Download the lastest artifacts, and rebuild the docker images, and restart containers.
Build the latest tests in DEV envionrment
  Restoring packages for C:\Users\jinxu\Documents\GitHub\kunai\dev\itest\test\Publishing.IntegrationTests.Framework\Publishing.IntegrationTests.Framework.csproj...
  Lock file has not changed. Skipping lock file write. Path: C:\Users\jinxu\Documents\GitHub\kunai\dev\itest\test\Publishing.IntegrationTests.Framework\obj\project.assets.json
  Restore completed in 257,25 ms for C:\Users\jinxu\Documents\GitHub\kunai\dev\itest\test\Publishing.IntegrationTests.Framework\Publishing.IntegrationTests.Framework.csproj.

  NuGet Config files used:
      C:\Users\jinxu\AppData\Roaming\NuGet\NuGet.Config
      C:\Program Files (x86)\NuGet\Config\Microsoft.VisualStudio.Offline.config

  Feeds used:
      https://api.nuget.org/v3/index.json
      C:\Program Files (x86)\Microsoft SDKs\NuGetPackages\
Microsoft (R) Build Engine version 15.1.1012.6693
Copyright (C) Microsoft Corporation. All rights reserved.

  Publishing.IntegrationTests.Framework -> C:\Users\jinxu\Documents\GitHub\kunai\dev\itest\test\Publishing.IntegrationTests.Framework\bin\Debug\netstandard1.6\Publishing.Abstractions.dll

Build succeeded.
    0 Warning(s)
    0 Error(s)

Time Elapsed 00:00:00.59
Exeucte all stable testcase, and write the result to an XML file
Remove-Item : Cannot find path 'C:\Users\jinxu\Documents\GitHub\kunai\test\result\integrationTest.xml' because it does n
ot exist.
At C:\Users\jinxu\Documents\GitHub\kunai\test\TestExecutor\RunTest.ps1:17 char:1
+ Remove-Item -Force $testresultfolder$testresultname
+ ~~~~~~~~~~~~~~~~~~~~~~~~~~~~~~~~~~~~~~~~~~~~~~~~~~~
    + CategoryInfo          : ObjectNotFound: (C:\Users\jinxu\...grationTest.xml:String) [Remove-Item], ItemNotFoundExce
ption
    + FullyQualifiedErrorId : PathNotFound,Microsoft.PowerShell.Commands.RemoveItemCommand
Remove-Item : Cannot find path 'C:\Users\jinxu\Documents\GitHub\kunai\test\result\integrationTest.xml' because it does not exist.
At C:\Users\jinxu\Documents\GitHub\kunai\test\TestExecutor\RunTest.ps1:17 char:1
+ Remove-Item -Force $testresultfolder$testresultname
+ ~~~~~~~~~~~~~~~~~~~~~~~~~~~~~~~~~~~~~~~~~~~~~~~~~~~
    + CategoryInfo          : ObjectNotFound: (C:\Users\jinxu\...grationTest.xml:String) [Remove-Item], ItemNotFoundException
    + FullyQualifiedErrorId : PathNotFound,Microsoft.PowerShell.Commands.RemoveItemCommand

  Restoring packages for C:\Users\jinxu\Documents\GitHub\kunai\dev\itest\test\Publishing.Api.IntegrationTest\Publishing.Api.IntegrationTest.csproj...
  Restoring packages for C:\Users\jinxu\Documents\GitHub\kunai\dev\itest\test\Publishing.IntegrationTests.Framework\Publishing.IntegrationTests.Framework.csproj...
  Restoring packages for C:\Users\jinxu\Documents\GitHub\kunai\dev\itest\test\Publishing.Api.IntegrationTest\Publishing.Api.IntegrationTest.csproj...
  Lock file has not changed. Skipping lock file write. Path: C:\Users\jinxu\Documents\GitHub\kunai\dev\itest\test\Publishing.IntegrationTests.Framework\obj\project.assets.json
  Restore completed in 248,93 ms for C:\Users\jinxu\Documents\GitHub\kunai\dev\itest\test\Publishing.IntegrationTests.Framework\Publishing.IntegrationTests.Framework.csproj.
  Lock file has not changed. Skipping lock file write. Path: C:\Users\jinxu\Documents\GitHub\kunai\dev\itest\test\Publishing.Api.IntegrationTest\obj\project.assets.json
  Restore completed in 471,27 ms for C:\Users\jinxu\Documents\GitHub\kunai\dev\itest\test\Publishing.Api.IntegrationTest\Publishing.Api.IntegrationTest.csproj.
  Restore completed in 622,64 ms for C:\Users\jinxu\Documents\GitHub\kunai\dev\itest\test\Publishing.Api.IntegrationTest\Publishing.Api.IntegrationTest.csproj.

  NuGet Config files used:
      C:\Users\jinxu\AppData\Roaming\NuGet\NuGet.Config
      C:\Program Files (x86)\NuGet\Config\Microsoft.VisualStudio.Offline.config

  Feeds used:
      https://api.nuget.org/v3/index.json
      C:\Program Files (x86)\Microsoft SDKs\NuGetPackages\
Microsoft (R) Build Engine version 15.1.1012.6693
Copyright (C) Microsoft Corporation. All rights reserved.

  Publishing.IntegrationTests.Framework -> C:\Users\jinxu\Documents\GitHub\kunai\dev\itest\test\Publishing.IntegrationTests.Framework\bin\Debug\netstandard1.6\Publishing.Abstractions.dll
  Publishing.Api.IntegrationTest -> C:\Users\jinxu\Documents\GitHub\kunai\dev\itest\test\Publishing.Api.IntegrationTest\bin\Debug\netcoreapp1.1\Publishing.Api.IntegrationTest.dll

Build succeeded.
    0 Warning(s)
    0 Error(s)

Time Elapsed 00:00:01.59
Detecting target frameworks in Publishing.Api.IntegrationTest.csproj...
Building for framework netcoreapp1.1...
  Publishing.IntegrationTests.Framework -> C:\Users\jinxu\Documents\GitHub\kunai\dev\itest\test\Publishing.IntegrationTests.Framework\bin\Debug\netstandard1.6\Publishing.Abstractions.dll
  Publishing.Api.IntegrationTest -> C:\Users\jinxu\Documents\GitHub\kunai\dev\itest\test\Publishing.Api.IntegrationTest\bin\Debug\netcoreapp1.1\Publishing.Api.IntegrationTest.dll
Running .NET Core tests for framework netcoreapp1.1...
xUnit.net Console Runner (64-bit .NET Core 4.6.25211.01)
  Discovering: Publishing.Api.IntegrationTest
  Discovered:  Publishing.Api.IntegrationTest
  Starting:    Publishing.Api.IntegrationTest
    Unity.Publishing.Api.IntegrationTest.ApiVersionsIntegrationTest.GetAccessAPIWithFilterTest
offset:integer
count:integer
http://localhost:6002/api/versions?offset le 1005361965 & count le 1005361965
    Unity.Publishing.Api.IntegrationTest.ApiVersionsIntegrationTest.CheckMethodsTest
    Unity.Publishing.Api.IntegrationTest.ApiVersionsIntegrationTest.GetAccessAPITest
    Unity.Publishing.Api.IntegrationTest.ApiReleaseTracksIntegrationTest.CreateNewReleaseTrackTest
    Unity.Publishing.Api.IntegrationTest.ApiReleaseTracksIntegrationTest.GetAccessAPITest
    Unity.Publishing.Api.IntegrationTest.ApiReleaseTracksIntegrationTest.UpdateReleaseTrackTest
    Unity.Publishing.Api.IntegrationTest.ApiReleaseTracksIntegrationTest.UpdateReleaseTrackTest [FAIL]
      message: Expected object to be OK because /api/releasetracks/branchupdate should return code OK, but found InternalServerError.;
      Expected object to be OK because /api/releasetracks/branchcheck should return code OK, but found InternalServerError.
      Expected: True
      Actual:   False
      Stack Trace:
        C:\Users\jinxu\Documents\GitHub\kunai\dev\itest\test\Publishing.Api.IntegrationTest\ApiIntegrationTestBase.cs(105,0): at Unity.Publishing.Api.IntegrationTest.ApiIntegrationTestBase.AssertTestcase(List`1 errmsgs)
        C:\Users\jinxu\Documents\GitHub\kunai\dev\itest\test\Publishing.Api.IntegrationTest\ApiReleaseTracksIntegrationTest.cs(379,0): at Unity.Publishing.Api.IntegrationTest.ApiReleaseTracksIntegrationTest.UpdateReleaseTrackTest()
    Unity.Publishing.Api.IntegrationTest.ApiReleaseTracksIntegrationTest.CheckMethodsTest
    Unity.Publishing.Api.IntegrationTest.ApiReleaseTracksIntegrationTest.AccessReleaseTrackIDTest
    Unity.Publishing.Api.IntegrationTest.ApiReleaseTracksIntegrationTest.PostDataModelTest
    Unity.Publishing.Api.IntegrationTest.ApiBuildsIntegrationTest.GetAccessAPITest
    Unity.Publishing.Api.IntegrationTest.ApiBuildsIntegrationTest.BuildsWithKatanaTest
    Unity.Publishing.Api.IntegrationTest.ApiBuildsIntegrationTest.BuildsWithKatanaTest [FAIL]
      System.Exception : InternalServerError is unexpected
      Stack Trace:
        C:\Users\jinxu\Documents\GitHub\kunai\dev\itest\test\Publishing.IntegrationTests.Framework\RestClient.cs(198,0): at Unity.Publishing.IntegrationTests.Framework.RestClient.CreateReleaseTrack(String name, String[] branchname, String url)
        C:\Users\jinxu\Documents\GitHub\kunai\dev\itest\test\Publishing.Api.IntegrationTest\ApiBuildsIntegrationTest.cs(259,0): at Unity.Publishing.Api.IntegrationTest.ApiBuildsIntegrationTest.BuildsWithKatanaTest()
    Unity.Publishing.Api.IntegrationTest.ApiBuildsIntegrationTest.CheckMethodsTest
    Unity.Publishing.Api.IntegrationTest.ApiBuildsIntegrationTest.PromoteBuildTest
    Unity.Publishing.Api.IntegrationTest.ApiBuildsIntegrationTest.GetAccessAPIWithIdTest
    Unity.Publishing.Api.IntegrationTest.ApiJobsIntegrationTest.CheckMethodsTest
    Unity.Publishing.Api.IntegrationTest.ApiJobsIntegrationTest.JobsContentsTest
    Unity.Publishing.Api.IntegrationTest.ApiJobsIntegrationTest.TriggerJobTest
    Unity.Publishing.Api.IntegrationTest.ApiJobsIntegrationTest.JobDataModelTest
    Unity.Publishing.Api.IntegrationTest.RestAPITest.InvalidApiKeyTest
    Unity.Publishing.Api.IntegrationTest.RestAPITest.EndpointCheck
  Finished:    Publishing.Api.IntegrationTest
=== TEST EXECUTION SUMMARY ===
   Publishing.Api.IntegrationTest  Total: 20, Errors: 0, Failed: 2, Skipped: 0, Time: 9,462s
Parse the test report, and send the Error message to Slack channel
**************   Reporting *******************
  % Total    % Received % Xferd  Average Speed   Time    Time     Time  Current
                                 Dload  Upload   Total   Spent    Left  Speed
100  2580  100  2580    0     0  18297      0 --:--:-- --:--:-- --:--:-- 18297

  % Total    % Received % Xferd  Average Speed   Time    Time     Time  Current
                                 Dload  Upload   Total   Spent    Left  Speed
100  2926  100  2926    0     0  15563      0 --:--:-- --:--:-- --:--:-- 15563

You cannot call a method on a null-valued expression.
At C:\Users\jinxu\Documents\GitHub\kunai\test\TestExecutor\ProcessIntegrationResult.ps1:59 char:14
+ ...        if ( $olderror.Testcase.Contains($TestcaseFullPath) -and $olde ...
+                 ~~~~~~~~~~~~~~~~~~~~~~~~~~~~~~~~~~~~~~~~~~~~~~~~~~~~~~~~~
    + CategoryInfo          : InvalidOperation: (:) [], RuntimeException
    + FullyQualifiedErrorId : InvokeMethodOnNull
You cannot call a method on a null-valued expression.
At C:\Users\jinxu\Documents\GitHub\kunai\test\TestExecutor\ProcessIntegrationResult.ps1:59 char:14
+ ...        if ( $olderror.Testcase.Contains($TestcaseFullPath) -and $olde ...
+                 ~~~~~~~~~~~~~~~~~~~~~~~~~~~~~~~~~~~~~~~~~~~~~~~~~~~~~~~~~
    + CategoryInfo          : InvalidOperation: (:) [], RuntimeException
    + FullyQualifiedErrorId : InvokeMethodOnNull

{'ok': False, 'error': 'token_revoked'}
  % Total    % Received % Xferd  Average Speed   Time    Time     Time  Current
                                 Dload  Upload   Total   Spent    Left  Speed
100  2926  100  2926    0     0  37512      0 --:--:-- --:--:-- --:--:-- 37512

You cannot call a method on a null-valued expression.
At C:\Users\jinxu\Documents\GitHub\kunai\test\TestExecutor\ProcessIntegrationResult.ps1:59 char:14
+ ...        if ( $olderror.Testcase.Contains($TestcaseFullPath) -and $olde ...
+                 ~~~~~~~~~~~~~~~~~~~~~~~~~~~~~~~~~~~~~~~~~~~~~~~~~~~~~~~~~
    + CategoryInfo          : InvalidOperation: (:) [], RuntimeException
    + FullyQualifiedErrorId : InvokeMethodOnNull
You cannot call a method on a null-valued expression.
At C:\Users\jinxu\Documents\GitHub\kunai\test\TestExecutor\ProcessIntegrationResult.ps1:59 char:14
+ ...        if ( $olderror.Testcase.Contains($TestcaseFullPath) -and $olde ...
+                 ~~~~~~~~~~~~~~~~~~~~~~~~~~~~~~~~~~~~~~~~~~~~~~~~~~~~~~~~~
    + CategoryInfo          : InvalidOperation: (:) [], RuntimeException
    + FullyQualifiedErrorId : InvokeMethodOnNull

{'ok': False, 'error': 'token_revoked'}
Stop ALL running docker containers, and node processes.
Test converage report and server logs are uploaded to Google Drive
  % Total    % Received % Xferd  Average Speed   Time    Time     Time  Current
                                 Dload  Upload   Total   Spent    Left  Speed
100  7268  100  7268    0     0   112k      0 --:--:-- --:--:-- --:--:--  112k
  % Total    % Received % Xferd  Average Speed   Time    Time     Time  Current
                                 Dload  Upload   Total   Spent    Left  Speed
100  2828  100  2828    0     0  36256      0 --:--:-- --:--:-- --:--:-- 36256



